#
# A fatal error has been detected by the Java Runtime Environment:
#
#  EXCEPTION_ACCESS_VIOLATION (0xc0000005) at pc=0x0000000073d62fd3, pid=12776, tid=12980
#
# JRE version: Java(TM) SE Runtime Environment (9.0+11) (build 9.0.4+11)
# Java VM: Java HotSpot(TM) 64-Bit Server VM (9.0.4+11, mixed mode, tiered, compressed oops, g1 gc, windows-amd64)
# Problematic frame:
# V  [jvm.dll+0x2f2fd3]
#
# No core dump will be written. Minidumps are not enabled by default on client versions of Windows
#
# If you would like to submit a bug report, please visit:
#   http://bugreport.java.com/bugreport/crash.jsp
#

---------------  S U M M A R Y ------------

Command Line: -agentlib:jdwp=transport=dt_socket,suspend=y,address=localhost:57580 -ea -Dfile.encoding=Cp1252 org.testng.remote.RemoteTestNG -serport 57579 -protocol json -d C:\Users\sohaibcool\eclipse-workspace\BTCcom\test-output C:\Users\SOHAIB~1\AppData\Local\Temp\testng-eclipse--328574630\testng-customsuite.xml

Host: Intel(R) Core(TM) i7-7700HQ CPU @ 2.80GHz, 8 cores, 15G,  Windows 10 , 64 bit Build 16299 (10.0.16299.15)
Time: Mon Mar 12 18:24:28 2018 W. Europe Standard Time elapsed time: 1713 seconds (0d 0h 28m 33s)

---------------  T H R E A D  ---------------

Current thread (0x000002280874b800):  VMThread "VM Thread" [stack: 0x0000003382100000,0x0000003382200000] [id=12980]

Stack: [0x0000003382100000,0x0000003382200000],  sp=0x00000033821ff3e0,  free space=1020k
Native frames: (J=compiled Java code, j=interpreted, Vv=VM code, C=native code)
V  [jvm.dll+0x2f2fd3]
V  [jvm.dll+0x2f6a30]
V  [jvm.dll+0x2f6e02]
V  [jvm.dll+0x2f3285]
V  [jvm.dll+0x5784ff]
V  [jvm.dll+0x57880c]
V  [jvm.dll+0x5786b3]
V  [jvm.dll+0x578eac]
V  [jvm.dll+0x5470aa]
V  [jvm.dll+0x465311]
V  [jvm.dll+0x6a366b]
V  [jvm.dll+0x6a1e05]
V  [jvm.dll+0x6a25e1]
V  [jvm.dll+0x6a28cc]
V  [jvm.dll+0x586490]
C  [msvcr120.dll+0x24f7f]
C  [msvcr120.dll+0x25126]
C  [KERNEL32.DLL+0x11fe4]
C  [ntdll.dll+0x6efc1]


siginfo: EXCEPTION_ACCESS_VIOLATION (0xc0000005), reading address 0xffffffffffffffff


Register to memory mapping:

RIP=0x0000000073d62fd3 jvm.dll
RAX=0x0000022863c75c10 is an unknown value
RBX=0x00000033821ff620 is an unknown value
RCX=0x00000033821ff690 is an unknown value
RDX=0xffffffffffffcc83 is an unknown value
RSP=0x00000033821ff3e0 is an unknown value
RBP=0x00000033821ff450 is an unknown value
RSI=0x0000022863c75b60 is an unknown value
RDI=0x00000000000000a7 is an unknown value
R8 =0x03ffffffffffff32 is an unknown value
R9 =0x0000000000000003 is an unknown value
R10=0x0000000000000259 is an unknown value
R11=0x00000007c00c0f80 is pointing into metadata
R12=0x0000000000000000 is an unknown value
R13=0x0000000000000276 is an unknown value
R14=0x0000000000000000 is an unknown value
R15=0x0000000073d62fb0 jvm.dll


Registers:
RAX=0x0000022863c75c10, RBX=0x00000033821ff620, RCX=0x00000033821ff690, RDX=0xffffffffffffcc83
RSP=0x00000033821ff3e0, RBP=0x00000033821ff450, RSI=0x0000022863c75b60, RDI=0x00000000000000a7
R8 =0x03ffffffffffff32, R9 =0x0000000000000003, R10=0x0000000000000259, R11=0x00000007c00c0f80
R12=0x0000000000000000, R13=0x0000000000000276, R14=0x0000000000000000, R15=0x0000000073d62fb0
RIP=0x0000000073d62fd3, EFLAGS=0x0000000000010a02

Top of Stack: (sp=0x00000033821ff3e0)
0x00000033821ff3e0:   000002280b24b6f8 000002280874b800
0x00000033821ff3f0:   0000000100000037 0000000000000000
0x00000033821ff400:   00000033821ff620 0000000073d66a30
0x00000033821ff410:   0000000000000dca 00000033821ff620
0x00000033821ff420:   0000022863c6cb20 0000000073b71ece
0x00000033821ff430:   0000000000000000 000000007422dba9
0x00000033821ff440:   00000033821ff4a0 0000000073d673f4
0x00000033821ff450:   0000022863c75f48 0000000000000001
0x00000033821ff460:   00000000000003d8 00000000000000a7
0x00000033821ff470:   0000000000000276 0000000073d66e02
0x00000033821ff480:   00000033821ff620 0000000000000001
0x00000033821ff490:   0000022863c75b60 0000022863c75b60
0x00000033821ff4a0:   000002280b24b6f8 000002280874b800
0x00000033821ff4b0:   0000027900000276 000000a70000028c
0x00000033821ff4c0:   0000028c00000000 ffffffff000000a7
0x00000033821ff4d0:   0000022863c75f48 0000000000000000 

Instructions: (pc=0x0000000073d62fd3)
0x0000000073d62fb3:   83 ec 20 48 63 d2 48 8b d9 48 83 c1 70 0f b6 c2
0x0000000073d62fc3:   4c 8b c2 24 3f 49 c1 e8 06 44 0f b6 c8 48 8b 01
0x0000000073d62fd3:   4e 8b 04 c0 4d 0f a3 c8 72 0b 41 b0 01 e8 db f4
0x0000000073d62fe3:   df ff ff 43 6c 48 83 c4 20 5b c3 cc cc 48 83 ec 


VM_Operation (0x0000003382cff140): GetOrSetLocal, mode: safepoint, requested by thread 0x0000022809239800


---------------  P R O C E S S  ---------------

Java Threads: ( => current thread )
  0x000002280a726000 JavaThread "Exec Stream Pumper" daemon [_thread_in_native, id=17504, stack(0x0000003383600000,0x0000003383700000)]
  0x000002280ab12800 JavaThread "Exec Stream Pumper" daemon [_thread_in_native, id=17272, stack(0x0000003383500000,0x0000003383600000)]
  0x000002280aaf9800 JavaThread "Exec Default Executor" daemon [_thread_in_native, id=18880, stack(0x0000003383300000,0x0000003383400000)]
  0x000002280a164800 JavaThread "ReaderThread" [_thread_in_native, id=22420, stack(0x0000003383200000,0x0000003383300000)]
  0x000002280924f000 JavaThread "Service Thread" daemon [_thread_blocked, id=10424, stack(0x0000003382f00000,0x0000003383000000)]
  0x000002280923b800 JavaThread "JDWP Command Reader" daemon [_thread_in_native, id=19604, stack(0x0000003382e00000,0x0000003382f00000)]
  0x000002280923a800 JavaThread "JDWP Event Helper Thread" daemon [_thread_blocked, id=8108, stack(0x0000003382d00000,0x0000003382e00000)]
  0x0000022809239800 JavaThread "JDWP Transport Listener: dt_socket" daemon [_thread_blocked, id=20284, stack(0x0000003382c00000,0x0000003382d00000)]
  0x00000228090a2800 JavaThread "Common-Cleaner" daemon [_thread_blocked, id=9792, stack(0x0000003382b00000,0x0000003382c00000)]
  0x0000022808faf000 JavaThread "Sweeper thread" daemon [_thread_blocked, id=24152, stack(0x0000003382a00000,0x0000003382b00000)]
  0x0000022808f9f800 JavaThread "C1 CompilerThread3" daemon [_thread_blocked, id=24656, stack(0x0000003382900000,0x0000003382a00000)]
  0x0000022808f9b000 JavaThread "C2 CompilerThread2" daemon [_thread_blocked, id=15304, stack(0x0000003382800000,0x0000003382900000)]
  0x0000022808f9a000 JavaThread "C2 CompilerThread1" daemon [_thread_blocked, id=13124, stack(0x0000003382700000,0x0000003382800000)]
  0x000002280877e800 JavaThread "C2 CompilerThread0" daemon [_thread_blocked, id=15692, stack(0x0000003382600000,0x0000003382700000)]
  0x0000022808f99000 JavaThread "Attach Listener" daemon [_thread_blocked, id=19464, stack(0x0000003382500000,0x0000003382600000)]
  0x000002280877c800 JavaThread "Signal Dispatcher" daemon [_thread_blocked, id=26824, stack(0x0000003382400000,0x0000003382500000)]
  0x0000022808f91000 JavaThread "Finalizer" daemon [_thread_blocked, id=18652, stack(0x0000003382300000,0x0000003382400000)]
  0x0000022808f80800 JavaThread "Reference Handler" daemon [_thread_blocked, id=18744, stack(0x0000003382200000,0x0000003382300000)]
  0x0000022863c2d000 JavaThread "main" [_thread_blocked, id=14380, stack(0x0000003380c00000,0x0000003380d00000)]

Other Threads:
=>0x000002280874b800 VMThread "VM Thread" [stack: 0x0000003382100000,0x0000003382200000] [id=12980]
  0x0000022809258000 WatcherThread [stack: 0x0000003383000000,0x0000003383100000] [id=5856]
  0x0000022863c41800 GCTaskThread "GC Thread#0" [stack: 0x0000003380d00000,0x0000003380e00000] [id=24384]
  0x0000022863c43000 GCTaskThread "GC Thread#1" [stack: 0x0000003380e00000,0x0000003380f00000] [id=26564]
  0x0000022863c45800 GCTaskThread "GC Thread#2" [stack: 0x0000003380f00000,0x0000003381000000] [id=8716]
  0x0000022863c48800 GCTaskThread "GC Thread#3" [stack: 0x0000003381000000,0x0000003381100000] [id=26104]
  0x0000022863c4a800 GCTaskThread "GC Thread#4" [stack: 0x0000003381100000,0x0000003381200000] [id=17620]
  0x0000022863c56800 GCTaskThread "GC Thread#5" [stack: 0x0000003381200000,0x0000003381300000] [id=18492]
  0x0000022863c55800 GCTaskThread "GC Thread#6" [stack: 0x0000003381300000,0x0000003381400000] [id=5952]
  0x0000022863c4f800 GCTaskThread "GC Thread#7" [stack: 0x0000003381400000,0x0000003381500000] [id=19668]
  0x0000022863cbf000 ConcurrentGCThread "G1 Main Marker" [stack: 0x0000003381e00000,0x0000003381f00000] [id=17640]
  0x0000022863c50000 ConcurrentGCThread "G1 Marker#0" [stack: 0x0000003381f00000,0x0000003382000000] [id=21352]
  0x0000022863c53000 ConcurrentGCThread "G1 Marker#1" [stack: 0x0000003382000000,0x0000003382100000] [id=24028]
  0x0000022863c79000 ConcurrentGCThread "G1 Refine#0" [stack: 0x0000003381c00000,0x0000003381d00000] [id=18828]
  0x0000022863c74800 ConcurrentGCThread "G1 Refine#1" [stack: 0x0000003381b00000,0x0000003381c00000] [id=24584]
  0x0000022863c71800 ConcurrentGCThread "G1 Refine#2" [stack: 0x0000003381a00000,0x0000003381b00000] [id=27208]
  0x0000022863c71000 ConcurrentGCThread "G1 Refine#3" [stack: 0x0000003381900000,0x0000003381a00000] [id=12964]
  0x0000022863c70800 ConcurrentGCThread "G1 Refine#4" [stack: 0x0000003381800000,0x0000003381900000] [id=19592]
  0x0000022863c65800 ConcurrentGCThread "G1 Refine#5" [stack: 0x0000003381700000,0x0000003381800000] [id=24712]
  0x0000022863c63000 ConcurrentGCThread "G1 Refine#6" [stack: 0x0000003381600000,0x0000003381700000] [id=23524]
  0x0000022863c62000 ConcurrentGCThread "G1 Refine#7" [stack: 0x0000003381500000,0x0000003381600000] [id=21608]
  0x0000022863c79800 ConcurrentGCThread "G1 Young RemSet Sampling" [stack: 0x0000003381d00000,0x0000003381e00000] [id=22264]

Threads with active compile tasks:

VM state:at safepoint (normal execution)

VM Mutex/Monitor currently owned by a thread:  ([mutex/lock_event])
[0x0000022863c270a0] Threads_lock - owner thread: 0x000002280874b800

Heap address: 0x00000006c1e00000, size: 4066 MB, Compressed Oops mode: Zero based, Oop shift amount: 3
Narrow klass base: 0x0000000000000000, Narrow klass shift: 3
Compressed class space size: 1073741824 Address: 0x00000007c0000000

Heap:
 garbage-first heap   total 262144K, used 21641K [0x00000006c1e00000, 0x00000006c1f00800, 0x00000007c0000000)
  region size 1024K, 16 young (16384K), 6 survivors (6144K)
 Metaspace       used 22438K, capacity 23266K, committed 23344K, reserved 1069056K
  class space    used 2735K, capacity 2899K, committed 2944K, reserved 1048576K
Heap Regions: E=young(eden), S=young(survivor), O=old, HS=humongous(starts), HC=humongous(continues), CS=collection set, F=free, A=archive, TS=gc time stamp, AC=allocation context, TAMS=top-at-mark-start (previous, next)
|   0|0x00000006c1e00000, 0x00000006c1f00000, 0x00000006c1f00000|100%|HS|  |TS  0|AC  0|TAMS 0x00000006c1f00000, 0x00000006c1f00000|
|   1|0x00000006c1f00000, 0x00000006c2000000, 0x00000006c2000000|100%| O|  |TS  0|AC  0|TAMS 0x00000006c2000000, 0x00000006c2000000|
|   2|0x00000006c2000000, 0x00000006c2100000, 0x00000006c2100000|100%| O|  |TS  0|AC  0|TAMS 0x00000006c2100000, 0x00000006c2100000|
|   3|0x00000006c2100000, 0x00000006c2100000, 0x00000006c2200000|  0%| F|  |TS  0|AC  0|TAMS 0x00000006c2100000, 0x00000006c2100000|
|   4|0x00000006c2200000, 0x00000006c2300000, 0x00000006c2300000|100%| O|  |TS  0|AC  0|TAMS 0x00000006c2300000, 0x00000006c2300000|
|   5|0x00000006c2300000, 0x00000006c2400000, 0x00000006c2400000|100%| O|  |TS  0|AC  0|TAMS 0x00000006c2400000, 0x00000006c2400000|
|   6|0x00000006c2400000, 0x00000006c2500000, 0x00000006c2500000|100%| O|  |TS  0|AC  0|TAMS 0x00000006c2500000, 0x00000006c2500000|
|   7|0x00000006c2500000, 0x00000006c2600000, 0x00000006c2600000|100%| O|  |TS  0|AC  0|TAMS 0x00000006c2600000, 0x00000006c2600000|
|   8|0x00000006c2600000, 0x00000006c2600000, 0x00000006c2700000|  0%| F|  |TS  0|AC  0|TAMS 0x00000006c2600000, 0x00000006c2600000|
|   9|0x00000006c2700000, 0x00000006c2700000, 0x00000006c2800000|  0%| F|  |TS  0|AC  0|TAMS 0x00000006c2700000, 0x00000006c2700000|
|  10|0x00000006c2800000, 0x00000006c2800000, 0x00000006c2900000|  0%| F|  |TS  0|AC  0|TAMS 0x00000006c2800000, 0x00000006c2800000|
|  11|0x00000006c2900000, 0x00000006c2900000, 0x00000006c2a00000|  0%| F|  |TS  0|AC  0|TAMS 0x00000006c2900000, 0x00000006c2900000|
|  12|0x00000006c2a00000, 0x00000006c2a00000, 0x00000006c2b00000|  0%| F|  |TS  0|AC  0|TAMS 0x00000006c2a00000, 0x00000006c2a00000|
|  13|0x00000006c2b00000, 0x00000006c2b00000, 0x00000006c2c00000|  0%| F|  |TS  0|AC  0|TAMS 0x00000006c2b00000, 0x00000006c2b00000|
|  14|0x00000006c2c00000, 0x00000006c2c00000, 0x00000006c2d00000|  0%| F|  |TS  0|AC  0|TAMS 0x00000006c2c00000, 0x00000006c2c00000|
|  15|0x00000006c2d00000, 0x00000006c2d00000, 0x00000006c2e00000|  0%| F|  |TS  0|AC  0|TAMS 0x00000006c2d00000, 0x00000006c2d00000|
|  16|0x00000006c2e00000, 0x00000006c2e00000, 0x00000006c2f00000|  0%| F|  |TS  0|AC  0|TAMS 0x00000006c2e00000, 0x00000006c2e00000|
|  17|0x00000006c2f00000, 0x00000006c2f00000, 0x00000006c3000000|  0%| F|  |TS  0|AC  0|TAMS 0x00000006c2f00000, 0x00000006c2f00000|
|  18|0x00000006c3000000, 0x00000006c3000000, 0x00000006c3100000|  0%| F|  |TS  0|AC  0|TAMS 0x00000006c3000000, 0x00000006c3000000|
|  19|0x00000006c3100000, 0x00000006c3100000, 0x00000006c3200000|  0%| F|  |TS  0|AC  0|TAMS 0x00000006c3100000, 0x00000006c3100000|
|  20|0x00000006c3200000, 0x00000006c3200000, 0x00000006c3300000|  0%| F|  |TS  0|AC  0|TAMS 0x00000006c3200000, 0x00000006c3200000|
|  21|0x00000006c3300000, 0x00000006c3300000, 0x00000006c3400000|  0%| F|  |TS  0|AC  0|TAMS 0x00000006c3300000, 0x00000006c3300000|
|  22|0x00000006c3400000, 0x00000006c3400000, 0x00000006c3500000|  0%| F|  |TS  0|AC  0|TAMS 0x00000006c3400000, 0x00000006c3400000|
|  23|0x00000006c3500000, 0x00000006c3500000, 0x00000006c3600000|  0%| F|  |TS  0|AC  0|TAMS 0x00000006c3500000, 0x00000006c3500000|
|  24|0x00000006c3600000, 0x00000006c3600000, 0x00000006c3700000|  0%| F|  |TS  0|AC  0|TAMS 0x00000006c3600000, 0x00000006c3600000|
|  25|0x00000006c3700000, 0x00000006c3700000, 0x00000006c3800000|  0%| F|  |TS  0|AC  0|TAMS 0x00000006c3700000, 0x00000006c3700000|
|  26|0x00000006c3800000, 0x00000006c3800000, 0x00000006c3900000|  0%| F|  |TS  0|AC  0|TAMS 0x00000006c3800000, 0x00000006c3800000|
|  27|0x00000006c3900000, 0x00000006c3900000, 0x00000006c3a00000|  0%| F|  |TS  0|AC  0|TAMS 0x00000006c3900000, 0x00000006c3900000|
|  28|0x00000006c3a00000, 0x00000006c3a00000, 0x00000006c3b00000|  0%| F|  |TS  0|AC  0|TAMS 0x00000006c3a00000, 0x00000006c3a00000|
|  29|0x00000006c3b00000, 0x00000006c3b00000, 0x00000006c3c00000|  0%| F|  |TS  0|AC  0|TAMS 0x00000006c3b00000, 0x00000006c3b00000|
|  30|0x00000006c3c00000, 0x00000006c3c00000, 0x00000006c3d00000|  0%| F|  |TS  0|AC  0|TAMS 0x00000006c3c00000, 0x00000006c3c00000|
|  31|0x00000006c3d00000, 0x00000006c3d00000, 0x00000006c3e00000|  0%| F|  |TS  0|AC  0|TAMS 0x00000006c3d00000, 0x00000006c3d00000|
|  32|0x00000006c3e00000, 0x00000006c3e00000, 0x00000006c3f00000|  0%| F|  |TS  0|AC  0|TAMS 0x00000006c3e00000, 0x00000006c3e00000|
|  33|0x00000006c3f00000, 0x00000006c3f00000, 0x00000006c4000000|  0%| F|  |TS  0|AC  0|TAMS 0x00000006c3f00000, 0x00000006c3f00000|
|  34|0x00000006c4000000, 0x00000006c4000000, 0x00000006c4100000|  0%| F|  |TS  0|AC  0|TAMS 0x00000006c4000000, 0x00000006c4000000|
|  35|0x00000006c4100000, 0x00000006c4100000, 0x00000006c4200000|  0%| F|  |TS  0|AC  0|TAMS 0x00000006c4100000, 0x00000006c4100000|
|  36|0x00000006c4200000, 0x00000006c4200000, 0x00000006c4300000|  0%| F|  |TS  0|AC  0|TAMS 0x00000006c4200000, 0x00000006c4200000|
|  37|0x00000006c4300000, 0x00000006c4300000, 0x00000006c4400000|  0%| F|  |TS  0|AC  0|TAMS 0x00000006c4300000, 0x00000006c4300000|
|  38|0x00000006c4400000, 0x00000006c4400000, 0x00000006c4500000|  0%| F|  |TS  0|AC  0|TAMS 0x00000006c4400000, 0x00000006c4400000|
|  39|0x00000006c4500000, 0x00000006c4500000, 0x00000006c4600000|  0%| F|  |TS  0|AC  0|TAMS 0x00000006c4500000, 0x00000006c4500000|
|  40|0x00000006c4600000, 0x00000006c4600000, 0x00000006c4700000|  0%| F|  |TS  0|AC  0|TAMS 0x00000006c4600000, 0x00000006c4600000|
|  41|0x00000006c4700000, 0x00000006c4700000, 0x00000006c4800000|  0%| F|  |TS  0|AC  0|TAMS 0x00000006c4700000, 0x00000006c4700000|
|  42|0x00000006c4800000, 0x00000006c4800000, 0x00000006c4900000|  0%| F|  |TS  0|AC  0|TAMS 0x00000006c4800000, 0x00000006c4800000|
|  43|0x00000006c4900000, 0x00000006c4900000, 0x00000006c4a00000|  0%| F|  |TS  0|AC  0|TAMS 0x00000006c4900000, 0x00000006c4900000|
|  44|0x00000006c4a00000, 0x00000006c4a00000, 0x00000006c4b00000|  0%| F|  |TS  0|AC  0|TAMS 0x00000006c4a00000, 0x00000006c4a00000|
|  45|0x00000006c4b00000, 0x00000006c4b00000, 0x00000006c4c00000|  0%| F|  |TS  0|AC  0|TAMS 0x00000006c4b00000, 0x00000006c4b00000|
|  46|0x00000006c4c00000, 0x00000006c4c00000, 0x00000006c4d00000|  0%| F|  |TS  0|AC  0|TAMS 0x00000006c4c00000, 0x00000006c4c00000|
|  47|0x00000006c4d00000, 0x00000006c4d00000, 0x00000006c4e00000|  0%| F|  |TS  0|AC  0|TAMS 0x00000006c4d00000, 0x00000006c4d00000|
|  48|0x00000006c4e00000, 0x00000006c4e00000, 0x00000006c4f00000|  0%| F|  |TS  0|AC  0|TAMS 0x00000006c4e00000, 0x00000006c4e00000|
|  49|0x00000006c4f00000, 0x00000006c4f00000, 0x00000006c5000000|  0%| F|  |TS  0|AC  0|TAMS 0x00000006c4f00000, 0x00000006c4f00000|
|  50|0x00000006c5000000, 0x00000006c5000000, 0x00000006c5100000|  0%| F|  |TS  0|AC  0|TAMS 0x00000006c5000000, 0x00000006c5000000|
|  51|0x00000006c5100000, 0x00000006c5100000, 0x00000006c5200000|  0%| F|  |TS  0|AC  0|TAMS 0x00000006c5100000, 0x00000006c5100000|
|  52|0x00000006c5200000, 0x00000006c5200000, 0x00000006c5300000|  0%| F|  |TS  0|AC  0|TAMS 0x00000006c5200000, 0x00000006c5200000|
|  53|0x00000006c5300000, 0x00000006c5300000, 0x00000006c5400000|  0%| F|  |TS  0|AC  0|TAMS 0x00000006c5300000, 0x00000006c5300000|
|  54|0x00000006c5400000, 0x00000006c5400000, 0x00000006c5500000|  0%| F|  |TS  0|AC  0|TAMS 0x00000006c5400000, 0x00000006c5400000|
|  55|0x00000006c5500000, 0x00000006c5500000, 0x00000006c5600000|  0%| F|  |TS  0|AC  0|TAMS 0x00000006c5500000, 0x00000006c5500000|
|  56|0x00000006c5600000, 0x00000006c5600000, 0x00000006c5700000|  0%| F|  |TS  0|AC  0|TAMS 0x00000006c5600000, 0x00000006c5600000|
|  57|0x00000006c5700000, 0x00000006c5700000, 0x00000006c5800000|  0%| F|  |TS  0|AC  0|TAMS 0x00000006c5700000, 0x00000006c5700000|
|  58|0x00000006c5800000, 0x00000006c5800000, 0x00000006c5900000|  0%| F|  |TS  0|AC  0|TAMS 0x00000006c5800000, 0x00000006c5800000|
|  59|0x00000006c5900000, 0x00000006c5900000, 0x00000006c5a00000|  0%| F|  |TS  0|AC  0|TAMS 0x00000006c5900000, 0x00000006c5900000|
|  60|0x00000006c5a00000, 0x00000006c5a00000, 0x00000006c5b00000|  0%| F|  |TS  0|AC  0|TAMS 0x00000006c5a00000, 0x00000006c5a00000|
|  61|0x00000006c5b00000, 0x00000006c5b00000, 0x00000006c5c00000|  0%| F|  |TS  0|AC  0|TAMS 0x00000006c5b00000, 0x00000006c5b00000|
|  62|0x00000006c5c00000, 0x00000006c5c00000, 0x00000006c5d00000|  0%| F|  |TS  0|AC  0|TAMS 0x00000006c5c00000, 0x00000006c5c00000|
|  63|0x00000006c5d00000, 0x00000006c5d00000, 0x00000006c5e00000|  0%| F|  |TS  0|AC  0|TAMS 0x00000006c5d00000, 0x00000006c5d00000|
|  64|0x00000006c5e00000, 0x00000006c5e00000, 0x00000006c5f00000|  0%| F|  |TS  0|AC  0|TAMS 0x00000006c5e00000, 0x00000006c5e00000|
|  65|0x00000006c5f00000, 0x00000006c5f00000, 0x00000006c6000000|  0%| F|  |TS  0|AC  0|TAMS 0x00000006c5f00000, 0x00000006c5f00000|
|  66|0x00000006c6000000, 0x00000006c6000000, 0x00000006c6100000|  0%| F|  |TS  0|AC  0|TAMS 0x00000006c6000000, 0x00000006c6000000|
|  67|0x00000006c6100000, 0x00000006c6100000, 0x00000006c6200000|  0%| F|  |TS  0|AC  0|TAMS 0x00000006c6100000, 0x00000006c6100000|
|  68|0x00000006c6200000, 0x00000006c6200000, 0x00000006c6300000|  0%| F|  |TS  0|AC  0|TAMS 0x00000006c6200000, 0x00000006c6200000|
|  69|0x00000006c6300000, 0x00000006c6300000, 0x00000006c6400000|  0%| F|  |TS  0|AC  0|TAMS 0x00000006c6300000, 0x00000006c6300000|
|  70|0x00000006c6400000, 0x00000006c6400000, 0x00000006c6500000|  0%| F|  |TS  0|AC  0|TAMS 0x00000006c6400000, 0x00000006c6400000|
|  71|0x00000006c6500000, 0x00000006c6500000, 0x00000006c6600000|  0%| F|  |TS  0|AC  0|TAMS 0x00000006c6500000, 0x00000006c6500000|
|  72|0x00000006c6600000, 0x00000006c6600000, 0x00000006c6700000|  0%| F|  |TS  0|AC  0|TAMS 0x00000006c6600000, 0x00000006c6600000|
|  73|0x00000006c6700000, 0x00000006c6700000, 0x00000006c6800000|  0%| F|  |TS  0|AC  0|TAMS 0x00000006c6700000, 0x00000006c6700000|
|  74|0x00000006c6800000, 0x00000006c6800000, 0x00000006c6900000|  0%| F|  |TS  0|AC  0|TAMS 0x00000006c6800000, 0x00000006c6800000|
|  75|0x00000006c6900000, 0x00000006c6900000, 0x00000006c6a00000|  0%| F|  |TS  0|AC  0|TAMS 0x00000006c6900000, 0x00000006c6900000|
|  76|0x00000006c6a00000, 0x00000006c6a00000, 0x00000006c6b00000|  0%| F|  |TS  0|AC  0|TAMS 0x00000006c6a00000, 0x00000006c6a00000|
|  77|0x00000006c6b00000, 0x00000006c6b00000, 0x00000006c6c00000|  0%| F|  |TS  0|AC  0|TAMS 0x00000006c6b00000, 0x00000006c6b00000|
|  78|0x00000006c6c00000, 0x00000006c6c00000, 0x00000006c6d00000|  0%| F|  |TS  0|AC  0|TAMS 0x00000006c6c00000, 0x00000006c6c00000|
|  79|0x00000006c6d00000, 0x00000006c6d00000, 0x00000006c6e00000|  0%| F|  |TS  0|AC  0|TAMS 0x00000006c6d00000, 0x00000006c6d00000|
|  80|0x00000006c6e00000, 0x00000006c6e00000, 0x00000006c6f00000|  0%| F|  |TS  0|AC  0|TAMS 0x00000006c6e00000, 0x00000006c6e00000|
|  81|0x00000006c6f00000, 0x00000006c6f00000, 0x00000006c7000000|  0%| F|  |TS  0|AC  0|TAMS 0x00000006c6f00000, 0x00000006c6f00000|
|  82|0x00000006c7000000, 0x00000006c7000000, 0x00000006c7100000|  0%| F|  |TS  0|AC  0|TAMS 0x00000006c7000000, 0x00000006c7000000|
|  83|0x00000006c7100000, 0x00000006c7100000, 0x00000006c7200000|  0%| F|  |TS  0|AC  0|TAMS 0x00000006c7100000, 0x00000006c7100000|
|  84|0x00000006c7200000, 0x00000006c7200000, 0x00000006c7300000|  0%| F|  |TS  0|AC  0|TAMS 0x00000006c7200000, 0x00000006c7200000|
|  85|0x00000006c7300000, 0x00000006c7300000, 0x00000006c7400000|  0%| F|  |TS  0|AC  0|TAMS 0x00000006c7300000, 0x00000006c7300000|
|  86|0x00000006c7400000, 0x00000006c7400000, 0x00000006c7500000|  0%| F|  |TS  0|AC  0|TAMS 0x00000006c7400000, 0x00000006c7400000|
|  87|0x00000006c7500000, 0x00000006c7500000, 0x00000006c7600000|  0%| F|  |TS  0|AC  0|TAMS 0x00000006c7500000, 0x00000006c7500000|
|  88|0x00000006c7600000, 0x00000006c7600000, 0x00000006c7700000|  0%| F|  |TS  0|AC  0|TAMS 0x00000006c7600000, 0x00000006c7600000|
|  89|0x00000006c7700000, 0x00000006c7700000, 0x00000006c7800000|  0%| F|  |TS  0|AC  0|TAMS 0x00000006c7700000, 0x00000006c7700000|
|  90|0x00000006c7800000, 0x00000006c7800000, 0x00000006c7900000|  0%| F|  |TS  0|AC  0|TAMS 0x00000006c7800000, 0x00000006c7800000|
|  91|0x00000006c7900000, 0x00000006c7900000, 0x00000006c7a00000|  0%| F|  |TS  0|AC  0|TAMS 0x00000006c7900000, 0x00000006c7900000|
|  92|0x00000006c7a00000, 0x00000006c7a00000, 0x00000006c7b00000|  0%| F|  |TS  0|AC  0|TAMS 0x00000006c7a00000, 0x00000006c7a00000|
|  93|0x00000006c7b00000, 0x00000006c7b00000, 0x00000006c7c00000|  0%| F|  |TS  0|AC  0|TAMS 0x00000006c7b00000, 0x00000006c7b00000|
|  94|0x00000006c7c00000, 0x00000006c7c00000, 0x00000006c7d00000|  0%| F|  |TS  0|AC  0|TAMS 0x00000006c7c00000, 0x00000006c7c00000|
|  95|0x00000006c7d00000, 0x00000006c7d00000, 0x00000006c7e00000|  0%| F|  |TS  0|AC  0|TAMS 0x00000006c7d00000, 0x00000006c7d00000|
|  96|0x00000006c7e00000, 0x00000006c7e00000, 0x00000006c7f00000|  0%| F|  |TS  0|AC  0|TAMS 0x00000006c7e00000, 0x00000006c7e00000|
|  97|0x00000006c7f00000, 0x00000006c7f00000, 0x00000006c8000000|  0%| F|  |TS  0|AC  0|TAMS 0x00000006c7f00000, 0x00000006c7f00000|
|  98|0x00000006c8000000, 0x00000006c8000000, 0x00000006c8100000|  0%| F|  |TS  0|AC  0|TAMS 0x00000006c8000000, 0x00000006c8000000|
|  99|0x00000006c8100000, 0x00000006c8100000, 0x00000006c8200000|  0%| F|  |TS  0|AC  0|TAMS 0x00000006c8100000, 0x00000006c8100000|
| 100|0x00000006c8200000, 0x00000006c8200000, 0x00000006c8300000|  0%| F|  |TS  0|AC  0|TAMS 0x00000006c8200000, 0x00000006c8200000|
| 101|0x00000006c8300000, 0x00000006c8300000, 0x00000006c8400000|  0%| F|  |TS  0|AC  0|TAMS 0x00000006c8300000, 0x00000006c8300000|
| 102|0x00000006c8400000, 0x00000006c8400000, 0x00000006c8500000|  0%| F|  |TS  0|AC  0|TAMS 0x00000006c8400000, 0x00000006c8400000|
| 103|0x00000006c8500000, 0x00000006c8500000, 0x00000006c8600000|  0%| F|  |TS  0|AC  0|TAMS 0x00000006c8500000, 0x00000006c8500000|
| 104|0x00000006c8600000, 0x00000006c8600000, 0x00000006c8700000|  0%| F|  |TS  0|AC  0|TAMS 0x00000006c8600000, 0x00000006c8600000|
| 105|0x00000006c8700000, 0x00000006c8700000, 0x00000006c8800000|  0%| F|  |TS  0|AC  0|TAMS 0x00000006c8700000, 0x00000006c8700000|
| 106|0x00000006c8800000, 0x00000006c8800000, 0x00000006c8900000|  0%| F|  |TS  0|AC  0|TAMS 0x00000006c8800000, 0x00000006c8800000|
| 107|0x00000006c8900000, 0x00000006c8900000, 0x00000006c8a00000|  0%| F|  |TS  0|AC  0|TAMS 0x00000006c8900000, 0x00000006c8900000|
| 108|0x00000006c8a00000, 0x00000006c8a00000, 0x00000006c8b00000|  0%| F|  |TS  0|AC  0|TAMS 0x00000006c8a00000, 0x00000006c8a00000|
| 109|0x00000006c8b00000, 0x00000006c8b00000, 0x00000006c8c00000|  0%| F|  |TS  0|AC  0|TAMS 0x00000006c8b00000, 0x00000006c8b00000|
| 110|0x00000006c8c00000, 0x00000006c8c00000, 0x00000006c8d00000|  0%| F|  |TS  0|AC  0|TAMS 0x00000006c8c00000, 0x00000006c8c00000|
| 111|0x00000006c8d00000, 0x00000006c8d00000, 0x00000006c8e00000|  0%| F|  |TS  0|AC  0|TAMS 0x00000006c8d00000, 0x00000006c8d00000|
| 112|0x00000006c8e00000, 0x00000006c8e00000, 0x00000006c8f00000|  0%| F|  |TS  0|AC  0|TAMS 0x00000006c8e00000, 0x00000006c8e00000|
| 113|0x00000006c8f00000, 0x00000006c8f00000, 0x00000006c9000000|  0%| F|  |TS  0|AC  0|TAMS 0x00000006c8f00000, 0x00000006c8f00000|
| 114|0x00000006c9000000, 0x00000006c9000000, 0x00000006c9100000|  0%| F|  |TS  0|AC  0|TAMS 0x00000006c9000000, 0x00000006c9000000|
| 115|0x00000006c9100000, 0x00000006c9100000, 0x00000006c9200000|  0%| F|  |TS  0|AC  0|TAMS 0x00000006c9100000, 0x00000006c9100000|
| 116|0x00000006c9200000, 0x00000006c9200000, 0x00000006c9300000|  0%| F|  |TS  0|AC  0|TAMS 0x00000006c9200000, 0x00000006c9200000|
| 117|0x00000006c9300000, 0x00000006c9300000, 0x00000006c9400000|  0%| F|  |TS  0|AC  0|TAMS 0x00000006c9300000, 0x00000006c9300000|
| 118|0x00000006c9400000, 0x00000006c9400000, 0x00000006c9500000|  0%| F|  |TS  0|AC  0|TAMS 0x00000006c9400000, 0x00000006c9400000|
| 119|0x00000006c9500000, 0x00000006c9500000, 0x00000006c9600000|  0%| F|  |TS  0|AC  0|TAMS 0x00000006c9500000, 0x00000006c9500000|
| 120|0x00000006c9600000, 0x00000006c9600000, 0x00000006c9700000|  0%| F|  |TS  0|AC  0|TAMS 0x00000006c9600000, 0x00000006c9600000|
| 121|0x00000006c9700000, 0x00000006c9700000, 0x00000006c9800000|  0%| F|  |TS  0|AC  0|TAMS 0x00000006c9700000, 0x00000006c9700000|
| 122|0x00000006c9800000, 0x00000006c9800000, 0x00000006c9900000|  0%| F|  |TS  0|AC  0|TAMS 0x00000006c9800000, 0x00000006c9800000|
| 123|0x00000006c9900000, 0x00000006c9900000, 0x00000006c9a00000|  0%| F|  |TS  0|AC  0|TAMS 0x00000006c9900000, 0x00000006c9900000|
| 124|0x00000006c9a00000, 0x00000006c9a00000, 0x00000006c9b00000|  0%| F|  |TS  0|AC  0|TAMS 0x00000006c9a00000, 0x00000006c9a00000|
| 125|0x00000006c9b00000, 0x00000006c9b00000, 0x00000006c9c00000|  0%| F|  |TS  0|AC  0|TAMS 0x00000006c9b00000, 0x00000006c9b00000|
| 126|0x00000006c9c00000, 0x00000006c9c00000, 0x00000006c9d00000|  0%| F|  |TS  0|AC  0|TAMS 0x00000006c9c00000, 0x00000006c9c00000|
| 127|0x00000006c9d00000, 0x00000006c9d00000, 0x00000006c9e00000|  0%| F|  |TS  0|AC  0|TAMS 0x00000006c9d00000, 0x00000006c9d00000|
| 128|0x00000006c9e00000, 0x00000006c9e00000, 0x00000006c9f00000|  0%| F|  |TS  0|AC  0|TAMS 0x00000006c9e00000, 0x00000006c9e00000|
| 129|0x00000006c9f00000, 0x00000006c9f00000, 0x00000006ca000000|  0%| F|  |TS  0|AC  0|TAMS 0x00000006c9f00000, 0x00000006c9f00000|
| 130|0x00000006ca000000, 0x00000006ca000000, 0x00000006ca100000|  0%| F|  |TS  0|AC  0|TAMS 0x00000006ca000000, 0x00000006ca000000|
| 131|0x00000006ca100000, 0x00000006ca100000, 0x00000006ca200000|  0%| F|  |TS  0|AC  0|TAMS 0x00000006ca100000, 0x00000006ca100000|
| 132|0x00000006ca200000, 0x00000006ca200000, 0x00000006ca300000|  0%| F|  |TS  0|AC  0|TAMS 0x00000006ca200000, 0x00000006ca200000|
| 133|0x00000006ca300000, 0x00000006ca300000, 0x00000006ca400000|  0%| F|  |TS  0|AC  0|TAMS 0x00000006ca300000, 0x00000006ca300000|
| 134|0x00000006ca400000, 0x00000006ca400000, 0x00000006ca500000|  0%| F|  |TS  0|AC  0|TAMS 0x00000006ca400000, 0x00000006ca400000|
| 135|0x00000006ca500000, 0x00000006ca500000, 0x00000006ca600000|  0%| F|  |TS  0|AC  0|TAMS 0x00000006ca500000, 0x00000006ca500000|
| 136|0x00000006ca600000, 0x00000006ca600000, 0x00000006ca700000|  0%| F|  |TS  0|AC  0|TAMS 0x00000006ca600000, 0x00000006ca600000|
| 137|0x00000006ca700000, 0x00000006ca700000, 0x00000006ca800000|  0%| F|  |TS  0|AC  0|TAMS 0x00000006ca700000, 0x00000006ca700000|
| 138|0x00000006ca800000, 0x00000006ca800000, 0x00000006ca900000|  0%| F|  |TS  0|AC  0|TAMS 0x00000006ca800000, 0x00000006ca800000|
| 139|0x00000006ca900000, 0x00000006ca900000, 0x00000006caa00000|  0%| F|  |TS  0|AC  0|TAMS 0x00000006ca900000, 0x00000006ca900000|
| 140|0x00000006caa00000, 0x00000006caa00000, 0x00000006cab00000|  0%| F|  |TS  0|AC  0|TAMS 0x00000006caa00000, 0x00000006caa00000|
| 141|0x00000006cab00000, 0x00000006cab00000, 0x00000006cac00000|  0%| F|  |TS  0|AC  0|TAMS 0x00000006cab00000, 0x00000006cab00000|
| 142|0x00000006cac00000, 0x00000006cac00000, 0x00000006cad00000|  0%| F|  |TS  0|AC  0|TAMS 0x00000006cac00000, 0x00000006cac00000|
| 143|0x00000006cad00000, 0x00000006cad00000, 0x00000006cae00000|  0%| F|  |TS  0|AC  0|TAMS 0x00000006cad00000, 0x00000006cad00000|
| 144|0x00000006cae00000, 0x00000006cae00000, 0x00000006caf00000|  0%| F|  |TS  0|AC  0|TAMS 0x00000006cae00000, 0x00000006cae00000|
| 145|0x00000006caf00000, 0x00000006caf00000, 0x00000006cb000000|  0%| F|  |TS  0|AC  0|TAMS 0x00000006caf00000, 0x00000006caf00000|
| 146|0x00000006cb000000, 0x00000006cb000000, 0x00000006cb100000|  0%| F|  |TS  0|AC  0|TAMS 0x00000006cb000000, 0x00000006cb000000|
| 147|0x00000006cb100000, 0x00000006cb100000, 0x00000006cb200000|  0%| F|  |TS  0|AC  0|TAMS 0x00000006cb100000, 0x00000006cb100000|
| 148|0x00000006cb200000, 0x00000006cb200000, 0x00000006cb300000|  0%| F|  |TS  0|AC  0|TAMS 0x00000006cb200000, 0x00000006cb200000|
| 149|0x00000006cb300000, 0x00000006cb300000, 0x00000006cb400000|  0%| F|  |TS  0|AC  0|TAMS 0x00000006cb300000, 0x00000006cb300000|
| 150|0x00000006cb400000, 0x00000006cb400000, 0x00000006cb500000|  0%| F|  |TS  0|AC  0|TAMS 0x00000006cb400000, 0x00000006cb400000|
| 151|0x00000006cb500000, 0x00000006cb500000, 0x00000006cb600000|  0%| F|  |TS  0|AC  0|TAMS 0x00000006cb500000, 0x00000006cb500000|
| 152|0x00000006cb600000, 0x00000006cb600000, 0x00000006cb700000|  0%| F|  |TS  0|AC  0|TAMS 0x00000006cb600000, 0x00000006cb600000|
| 153|0x00000006cb700000, 0x00000006cb700000, 0x00000006cb800000|  0%| F|  |TS  0|AC  0|TAMS 0x00000006cb700000, 0x00000006cb700000|
| 154|0x00000006cb800000, 0x00000006cb800000, 0x00000006cb900000|  0%| F|  |TS  0|AC  0|TAMS 0x00000006cb800000, 0x00000006cb800000|
| 155|0x00000006cb900000, 0x00000006cb900000, 0x00000006cba00000|  0%| F|  |TS  0|AC  0|TAMS 0x00000006cb900000, 0x00000006cb900000|
| 156|0x00000006cba00000, 0x00000006cba00000, 0x00000006cbb00000|  0%| F|  |TS  0|AC  0|TAMS 0x00000006cba00000, 0x00000006cba00000|
| 157|0x00000006cbb00000, 0x00000006cbb00000, 0x00000006cbc00000|  0%| F|  |TS  0|AC  0|TAMS 0x00000006cbb00000, 0x00000006cbb00000|
| 158|0x00000006cbc00000, 0x00000006cbc00000, 0x00000006cbd00000|  0%| F|  |TS  0|AC  0|TAMS 0x00000006cbc00000, 0x00000006cbc00000|
| 159|0x00000006cbd00000, 0x00000006cbd00000, 0x00000006cbe00000|  0%| F|  |TS  0|AC  0|TAMS 0x00000006cbd00000, 0x00000006cbd00000|
| 160|0x00000006cbe00000, 0x00000006cbe00000, 0x00000006cbf00000|  0%| F|  |TS  0|AC  0|TAMS 0x00000006cbe00000, 0x00000006cbe00000|
| 161|0x00000006cbf00000, 0x00000006cbf00000, 0x00000006cc000000|  0%| F|  |TS  0|AC  0|TAMS 0x00000006cbf00000, 0x00000006cbf00000|
| 162|0x00000006cc000000, 0x00000006cc000000, 0x00000006cc100000|  0%| F|  |TS  0|AC  0|TAMS 0x00000006cc000000, 0x00000006cc000000|
| 163|0x00000006cc100000, 0x00000006cc100000, 0x00000006cc200000|  0%| F|  |TS  0|AC  0|TAMS 0x00000006cc100000, 0x00000006cc100000|
| 164|0x00000006cc200000, 0x00000006cc200000, 0x00000006cc300000|  0%| F|  |TS  0|AC  0|TAMS 0x00000006cc200000, 0x00000006cc200000|
| 165|0x00000006cc300000, 0x00000006cc300000, 0x00000006cc400000|  0%| F|  |TS  0|AC  0|TAMS 0x00000006cc300000, 0x00000006cc300000|
| 166|0x00000006cc400000, 0x00000006cc400000, 0x00000006cc500000|  0%| F|  |TS  0|AC  0|TAMS 0x00000006cc400000, 0x00000006cc400000|
| 167|0x00000006cc500000, 0x00000006cc500000, 0x00000006cc600000|  0%| F|  |TS  0|AC  0|TAMS 0x00000006cc500000, 0x00000006cc500000|
| 168|0x00000006cc600000, 0x00000006cc600000, 0x00000006cc700000|  0%| F|  |TS  0|AC  0|TAMS 0x00000006cc600000, 0x00000006cc600000|
| 169|0x00000006cc700000, 0x00000006cc700000, 0x00000006cc800000|  0%| F|  |TS  0|AC  0|TAMS 0x00000006cc700000, 0x00000006cc700000|
| 170|0x00000006cc800000, 0x00000006cc800000, 0x00000006cc900000|  0%| F|  |TS  0|AC  0|TAMS 0x00000006cc800000, 0x00000006cc800000|
| 171|0x00000006cc900000, 0x00000006cc900000, 0x00000006cca00000|  0%| F|  |TS  0|AC  0|TAMS 0x00000006cc900000, 0x00000006cc900000|
| 172|0x00000006cca00000, 0x00000006cca00000, 0x00000006ccb00000|  0%| F|  |TS  0|AC  0|TAMS 0x00000006cca00000, 0x00000006cca00000|
| 173|0x00000006ccb00000, 0x00000006ccb00000, 0x00000006ccc00000|  0%| F|  |TS  0|AC  0|TAMS 0x00000006ccb00000, 0x00000006ccb00000|
| 174|0x00000006ccc00000, 0x00000006ccc00000, 0x00000006ccd00000|  0%| F|  |TS  0|AC  0|TAMS 0x00000006ccc00000, 0x00000006ccc00000|
| 175|0x00000006ccd00000, 0x00000006ccd00000, 0x00000006cce00000|  0%| F|  |TS  0|AC  0|TAMS 0x00000006ccd00000, 0x00000006ccd00000|
| 176|0x00000006cce00000, 0x00000006cce00000, 0x00000006ccf00000|  0%| F|  |TS  0|AC  0|TAMS 0x00000006cce00000, 0x00000006cce00000|
| 177|0x00000006ccf00000, 0x00000006ccf00000, 0x00000006cd000000|  0%| F|  |TS  0|AC  0|TAMS 0x00000006ccf00000, 0x00000006ccf00000|
| 178|0x00000006cd000000, 0x00000006cd000000, 0x00000006cd100000|  0%| F|  |TS  0|AC  0|TAMS 0x00000006cd000000, 0x00000006cd000000|
| 179|0x00000006cd100000, 0x00000006cd100000, 0x00000006cd200000|  0%| F|  |TS  0|AC  0|TAMS 0x00000006cd100000, 0x00000006cd100000|
| 180|0x00000006cd200000, 0x00000006cd200000, 0x00000006cd300000|  0%| F|  |TS  0|AC  0|TAMS 0x00000006cd200000, 0x00000006cd200000|
| 181|0x00000006cd300000, 0x00000006cd300000, 0x00000006cd400000|  0%| F|  |TS  0|AC  0|TAMS 0x00000006cd300000, 0x00000006cd300000|
| 182|0x00000006cd400000, 0x00000006cd400000, 0x00000006cd500000|  0%| F|  |TS  0|AC  0|TAMS 0x00000006cd400000, 0x00000006cd400000|
| 183|0x00000006cd500000, 0x00000006cd500000, 0x00000006cd600000|  0%| F|  |TS  0|AC  0|TAMS 0x00000006cd500000, 0x00000006cd500000|
| 184|0x00000006cd600000, 0x00000006cd600000, 0x00000006cd700000|  0%| F|  |TS  0|AC  0|TAMS 0x00000006cd600000, 0x00000006cd600000|
| 185|0x00000006cd700000, 0x00000006cd700000, 0x00000006cd800000|  0%| F|  |TS  0|AC  0|TAMS 0x00000006cd700000, 0x00000006cd700000|
| 186|0x00000006cd800000, 0x00000006cd800000, 0x00000006cd900000|  0%| F|  |TS  0|AC  0|TAMS 0x00000006cd800000, 0x00000006cd800000|
| 187|0x00000006cd900000, 0x00000006cd900000, 0x00000006cda00000|  0%| F|  |TS  0|AC  0|TAMS 0x00000006cd900000, 0x00000006cd900000|
| 188|0x00000006cda00000, 0x00000006cda00000, 0x00000006cdb00000|  0%| F|  |TS  0|AC  0|TAMS 0x00000006cda00000, 0x00000006cda00000|
| 189|0x00000006cdb00000, 0x00000006cdb00000, 0x00000006cdc00000|  0%| F|  |TS  0|AC  0|TAMS 0x00000006cdb00000, 0x00000006cdb00000|
| 190|0x00000006cdc00000, 0x00000006cdc00000, 0x00000006cdd00000|  0%| F|  |TS  0|AC  0|TAMS 0x00000006cdc00000, 0x00000006cdc00000|
| 191|0x00000006cdd00000, 0x00000006cdd00000, 0x00000006cde00000|  0%| F|  |TS  0|AC  0|TAMS 0x00000006cdd00000, 0x00000006cdd00000|
| 192|0x00000006cde00000, 0x00000006cde00000, 0x00000006cdf00000|  0%| F|  |TS  0|AC  0|TAMS 0x00000006cde00000, 0x00000006cde00000|
| 193|0x00000006cdf00000, 0x00000006cdf00000, 0x00000006ce000000|  0%| F|  |TS  0|AC  0|TAMS 0x00000006cdf00000, 0x00000006cdf00000|
| 194|0x00000006ce000000, 0x00000006ce000000, 0x00000006ce100000|  0%| F|  |TS  0|AC  0|TAMS 0x00000006ce000000, 0x00000006ce000000|
| 195|0x00000006ce100000, 0x00000006ce100000, 0x00000006ce200000|  0%| F|  |TS  0|AC  0|TAMS 0x00000006ce100000, 0x00000006ce100000|
| 196|0x00000006ce200000, 0x00000006ce200000, 0x00000006ce300000|  0%| F|  |TS  0|AC  0|TAMS 0x00000006ce200000, 0x00000006ce200000|
| 197|0x00000006ce300000, 0x00000006ce300000, 0x00000006ce400000|  0%| F|  |TS  0|AC  0|TAMS 0x00000006ce300000, 0x00000006ce300000|
| 198|0x00000006ce400000, 0x00000006ce400000, 0x00000006ce500000|  0%| F|  |TS  0|AC  0|TAMS 0x00000006ce400000, 0x00000006ce400000|
| 199|0x00000006ce500000, 0x00000006ce500000, 0x00000006ce600000|  0%| F|  |TS  0|AC  0|TAMS 0x00000006ce500000, 0x00000006ce500000|
| 200|0x00000006ce600000, 0x00000006ce600000, 0x00000006ce700000|  0%| F|  |TS  0|AC  0|TAMS 0x00000006ce600000, 0x00000006ce600000|
| 201|0x00000006ce700000, 0x00000006ce700000, 0x00000006ce800000|  0%| F|  |TS  0|AC  0|TAMS 0x00000006ce700000, 0x00000006ce700000|
| 202|0x00000006ce800000, 0x00000006ce800000, 0x00000006ce900000|  0%| F|  |TS  0|AC  0|TAMS 0x00000006ce800000, 0x00000006ce800000|
| 203|0x00000006ce900000, 0x00000006ce900000, 0x00000006cea00000|  0%| F|  |TS  0|AC  0|TAMS 0x00000006ce900000, 0x00000006ce900000|
| 204|0x00000006cea00000, 0x00000006cea00000, 0x00000006ceb00000|  0%| F|  |TS  0|AC  0|TAMS 0x00000006cea00000, 0x00000006cea00000|
| 205|0x00000006ceb00000, 0x00000006ceb00000, 0x00000006cec00000|  0%| F|  |TS  0|AC  0|TAMS 0x00000006ceb00000, 0x00000006ceb00000|
| 206|0x00000006cec00000, 0x00000006cec00000, 0x00000006ced00000|  0%| F|  |TS  0|AC  0|TAMS 0x00000006cec00000, 0x00000006cec00000|
| 207|0x00000006ced00000, 0x00000006ced00000, 0x00000006cee00000|  0%| F|  |TS  0|AC  0|TAMS 0x00000006ced00000, 0x00000006ced00000|
| 208|0x00000006cee00000, 0x00000006cee00000, 0x00000006cef00000|  0%| F|  |TS  0|AC  0|TAMS 0x00000006cee00000, 0x00000006cee00000|
| 209|0x00000006cef00000, 0x00000006cef00000, 0x00000006cf000000|  0%| F|  |TS  0|AC  0|TAMS 0x00000006cef00000, 0x00000006cef00000|
| 210|0x00000006cf000000, 0x00000006cf000000, 0x00000006cf100000|  0%| F|  |TS  0|AC  0|TAMS 0x00000006cf000000, 0x00000006cf000000|
| 211|0x00000006cf100000, 0x00000006cf100000, 0x00000006cf200000|  0%| F|  |TS  0|AC  0|TAMS 0x00000006cf100000, 0x00000006cf100000|
| 212|0x00000006cf200000, 0x00000006cf200000, 0x00000006cf300000|  0%| F|  |TS  0|AC  0|TAMS 0x00000006cf200000, 0x00000006cf200000|
| 213|0x00000006cf300000, 0x00000006cf300000, 0x00000006cf400000|  0%| F|  |TS  0|AC  0|TAMS 0x00000006cf300000, 0x00000006cf300000|
| 214|0x00000006cf400000, 0x00000006cf400000, 0x00000006cf500000|  0%| F|  |TS  0|AC  0|TAMS 0x00000006cf400000, 0x00000006cf400000|
| 215|0x00000006cf500000, 0x00000006cf500000, 0x00000006cf600000|  0%| F|  |TS  0|AC  0|TAMS 0x00000006cf500000, 0x00000006cf500000|
| 216|0x00000006cf600000, 0x00000006cf600000, 0x00000006cf700000|  0%| F|  |TS  0|AC  0|TAMS 0x00000006cf600000, 0x00000006cf600000|
| 217|0x00000006cf700000, 0x00000006cf700000, 0x00000006cf800000|  0%| F|  |TS  0|AC  0|TAMS 0x00000006cf700000, 0x00000006cf700000|
| 218|0x00000006cf800000, 0x00000006cf800000, 0x00000006cf900000|  0%| F|  |TS  0|AC  0|TAMS 0x00000006cf800000, 0x00000006cf800000|
| 219|0x00000006cf900000, 0x00000006cf900000, 0x00000006cfa00000|  0%| F|  |TS  0|AC  0|TAMS 0x00000006cf900000, 0x00000006cf900000|
| 220|0x00000006cfa00000, 0x00000006cfa00000, 0x00000006cfb00000|  0%| F|  |TS  0|AC  0|TAMS 0x00000006cfa00000, 0x00000006cfa00000|
| 221|0x00000006cfb00000, 0x00000006cfb00000, 0x00000006cfc00000|  0%| F|  |TS  0|AC  0|TAMS 0x00000006cfb00000, 0x00000006cfb00000|
| 222|0x00000006cfc00000, 0x00000006cfc00000, 0x00000006cfd00000|  0%| F|  |TS  0|AC  0|TAMS 0x00000006cfc00000, 0x00000006cfc00000|
| 223|0x00000006cfd00000, 0x00000006cfd00000, 0x00000006cfe00000|  0%| F|  |TS  0|AC  0|TAMS 0x00000006cfd00000, 0x00000006cfd00000|
| 224|0x00000006cfe00000, 0x00000006cfe00000, 0x00000006cff00000|  0%| F|  |TS  0|AC  0|TAMS 0x00000006cfe00000, 0x00000006cfe00000|
| 225|0x00000006cff00000, 0x00000006cff00000, 0x00000006d0000000|  0%| F|  |TS  0|AC  0|TAMS 0x00000006cff00000, 0x00000006cff00000|
| 226|0x00000006d0000000, 0x00000006d0000000, 0x00000006d0100000|  0%| F|  |TS  0|AC  0|TAMS 0x00000006d0000000, 0x00000006d0000000|
| 227|0x00000006d0100000, 0x00000006d0100000, 0x00000006d0200000|  0%| F|  |TS  0|AC  0|TAMS 0x00000006d0100000, 0x00000006d0100000|
| 228|0x00000006d0200000, 0x00000006d0200000, 0x00000006d0300000|  0%| F|  |TS  0|AC  0|TAMS 0x00000006d0200000, 0x00000006d0200000|
| 229|0x00000006d0300000, 0x00000006d0300000, 0x00000006d0400000|  0%| F|  |TS  0|AC  0|TAMS 0x00000006d0300000, 0x00000006d0300000|
| 230|0x00000006d0400000, 0x00000006d0400000, 0x00000006d0500000|  0%| F|  |TS  0|AC  0|TAMS 0x00000006d0400000, 0x00000006d0400000|
| 231|0x00000006d0500000, 0x00000006d0522678, 0x00000006d0600000| 13%| S|CS|TS  0|AC  0|TAMS 0x00000006d0500000, 0x00000006d0500000|
| 232|0x00000006d0600000, 0x00000006d0700000, 0x00000006d0700000|100%| S|CS|TS  0|AC  0|TAMS 0x00000006d0600000, 0x00000006d0600000|
| 233|0x00000006d0700000, 0x00000006d0800000, 0x00000006d0800000|100%| S|CS|TS  0|AC  0|TAMS 0x00000006d0700000, 0x00000006d0700000|
| 234|0x00000006d0800000, 0x00000006d0800000, 0x00000006d0900000|  0%| F|  |TS  0|AC  0|TAMS 0x00000006d0800000, 0x00000006d0800000|
| 235|0x00000006d0900000, 0x00000006d0900000, 0x00000006d0a00000|  0%| F|  |TS  0|AC  0|TAMS 0x00000006d0900000, 0x00000006d0900000|
| 236|0x00000006d0a00000, 0x00000006d0a00000, 0x00000006d0b00000|  0%| F|  |TS  0|AC  0|TAMS 0x00000006d0a00000, 0x00000006d0a00000|
| 237|0x00000006d0b00000, 0x00000006d0c00000, 0x00000006d0c00000|100%| S|CS|TS  0|AC  0|TAMS 0x00000006d0b00000, 0x00000006d0b00000|
| 238|0x00000006d0c00000, 0x00000006d0d00000, 0x00000006d0d00000|100%| S|CS|TS  0|AC  0|TAMS 0x00000006d0c00000, 0x00000006d0c00000|
| 239|0x00000006d0d00000, 0x00000006d0e00000, 0x00000006d0e00000|100%| S|CS|TS  0|AC  0|TAMS 0x00000006d0d00000, 0x00000006d0d00000|
| 240|0x00000006d0e00000, 0x00000006d0e00000, 0x00000006d0f00000|  0%| F|  |TS  0|AC  0|TAMS 0x00000006d0e00000, 0x00000006d0e00000|
| 241|0x00000006d0f00000, 0x00000006d0f00000, 0x00000006d1000000|  0%| F|  |TS  0|AC  0|TAMS 0x00000006d0f00000, 0x00000006d0f00000|
| 242|0x00000006d1000000, 0x00000006d1000000, 0x00000006d1100000|  0%| F|  |TS  0|AC  0|TAMS 0x00000006d1000000, 0x00000006d1000000|
| 243|0x00000006d1100000, 0x00000006d1100000, 0x00000006d1200000|  0%| F|  |TS  0|AC  0|TAMS 0x00000006d1100000, 0x00000006d1100000|
| 244|0x00000006d1200000, 0x00000006d1200000, 0x00000006d1300000|  0%| F|  |TS  0|AC  0|TAMS 0x00000006d1200000, 0x00000006d1200000|
| 245|0x00000006d1300000, 0x00000006d1300000, 0x00000006d1400000|  0%| F|  |TS  0|AC  0|TAMS 0x00000006d1300000, 0x00000006d1300000|
| 246|0x00000006d1400000, 0x00000006d1400800, 0x00000006d1500000|  0%| E|  |TS  0|AC  0|TAMS 0x00000006d1400000, 0x00000006d1400000|
| 247|0x00000006d1500000, 0x00000006d1600000, 0x00000006d1600000|100%| E|CS|TS  0|AC  0|TAMS 0x00000006d1500000, 0x00000006d1500000|
| 248|0x00000006d1600000, 0x00000006d1700000, 0x00000006d1700000|100%| E|CS|TS  0|AC  0|TAMS 0x00000006d1600000, 0x00000006d1600000|
| 249|0x00000006d1700000, 0x00000006d1800000, 0x00000006d1800000|100%| E|CS|TS  0|AC  0|TAMS 0x00000006d1700000, 0x00000006d1700000|
| 250|0x00000006d1800000, 0x00000006d1900000, 0x00000006d1900000|100%| E|CS|TS  0|AC  0|TAMS 0x00000006d1800000, 0x00000006d1800000|
| 251|0x00000006d1900000, 0x00000006d1a00000, 0x00000006d1a00000|100%| E|CS|TS  0|AC  0|TAMS 0x00000006d1900000, 0x00000006d1900000|
| 252|0x00000006d1a00000, 0x00000006d1b00000, 0x00000006d1b00000|100%| E|CS|TS  0|AC  0|TAMS 0x00000006d1a00000, 0x00000006d1a00000|
| 253|0x00000006d1b00000, 0x00000006d1c00000, 0x00000006d1c00000|100%| E|CS|TS  0|AC  0|TAMS 0x00000006d1b00000, 0x00000006d1b00000|
| 254|0x00000006d1c00000, 0x00000006d1d00000, 0x00000006d1d00000|100%| E|CS|TS  0|AC  0|TAMS 0x00000006d1c00000, 0x00000006d1c00000|
| 255|0x00000006d1d00000, 0x00000006d1e00000, 0x00000006d1e00000|100%| E|CS|TS  0|AC  0|TAMS 0x00000006d1d00000, 0x00000006d1d00000|

Card table byte_map: [0x000002287cb70000,0x000002287d370000] byte_map_base: 0x0000022879561000

Marking Bits (Prev, Next): (CMBitMap*) 0x000002287dbf8228, (CMBitMap*) 0x000002287dbf81f0
 Prev Bits: [0x0000022803f90000, 0x0000022807f18000)
 Next Bits: [0x0000022800000000, 0x0000022803f88000)

Polling page: 0x0000022861b10000

CodeHeap 'non-profiled nmethods': size=120000Kb used=1008Kb max_used=1008Kb free=118991Kb
 bounds [0x0000022873bd0000, 0x0000022873e40000, 0x000002287b100000]
CodeHeap 'profiled nmethods': size=120000Kb used=4281Kb max_used=4281Kb free=115718Kb
 bounds [0x000002286c6a0000, 0x000002286cad0000, 0x0000022873bd0000]
CodeHeap 'non-nmethods': size=5760Kb used=1295Kb max_used=1329Kb free=4464Kb
 bounds [0x000002286c100000, 0x000002286c370000, 0x000002286c6a0000]
 total_blobs=2954 nmethods=2002 adapters=400
 compilation: enabled

Compilation events (10 events):
Event: 7.566 Thread 0x0000022808f9f800 1998       3       org.apache.http.util.CharArrayBuffer::append (61 bytes)
Event: 7.567 Thread 0x0000022808f9f800 nmethod 1998 0x000002286cacbb10 code [0x000002286cacbd20, 0x000002286cacc500]
Event: 7.567 Thread 0x0000022808f9f800 1999       3       org.apache.http.message.BasicListHeaderIterator::filterHeader (37 bytes)
Event: 7.568 Thread 0x0000022808f9f800 nmethod 1999 0x000002286cacc710 code [0x000002286cacc900, 0x000002286cacce10]
Event: 7.568 Thread 0x0000022808f9f800 2000       1       org.openqa.selenium.remote.Command::getName (5 bytes)
Event: 7.568 Thread 0x0000022808f9f800 nmethod 2000 0x0000022873ccbf10 code [0x0000022873ccc0c0, 0x0000022873ccc1d8]
Event: 7.568 Thread 0x0000022808f9f800 2001       3       com.google.common.collect.Iterators$9::hasNext (13 bytes)
Event: 7.568 Thread 0x0000022808f9f800 nmethod 2001 0x000002286caccf90 code [0x000002286cacd140, 0x000002286cacd2f8]
Event: 7.568 Thread 0x0000022808f9f800 2002       3       com.google.common.collect.CollectPreconditions::checkNonnegative (37 bytes)
Event: 7.568 Thread 0x0000022808f9f800 nmethod 2002 0x000002286cacd390 code [0x000002286cacd600, 0x000002286cace1f0]

GC Heap History (6 events):
Event: 0.959 GC heap before
{Heap before GC invocations=0 (full 0):
 garbage-first heap   total 262144K, used 25600K [0x00000006c1e00000, 0x00000006c1f00800, 0x00000007c0000000)
  region size 1024K, 24 young (24576K), 0 survivors (0K)
 Metaspace       used 13465K, capacity 13970K, committed 14208K, reserved 1062912K
  class space    used 1488K, capacity 1607K, committed 1664K, reserved 1048576K
}
Event: 0.966 GC heap after
{Heap after GC invocations=1 (full 0):
 garbage-first heap   total 262144K, used 7891K [0x00000006c1e00000, 0x00000006c1f00800, 0x00000007c0000000)
  region size 1024K, 3 young (3072K), 3 survivors (3072K)
 Metaspace       used 13465K, capacity 13970K, committed 14208K, reserved 1062912K
  class space    used 1488K, capacity 1607K, committed 1664K, reserved 1048576K
}
Event: 1.346 GC heap before
{Heap before GC invocations=1 (full 0):
 garbage-first heap   total 262144K, used 27347K [0x00000006c1e00000, 0x00000006c1f00800, 0x00000007c0000000)
  region size 1024K, 22 young (22528K), 3 survivors (3072K)
 Metaspace       used 17222K, capacity 17674K, committed 18048K, reserved 1064960K
  class space    used 1984K, capacity 2083K, committed 2176K, reserved 1048576K
}
Event: 1.352 GC heap after
{Heap after GC invocations=2 (full 0):
 garbage-first heap   total 262144K, used 11984K [0x00000006c1e00000, 0x00000006c1f00800, 0x00000007c0000000)
  region size 1024K, 3 young (3072K), 3 survivors (3072K)
 Metaspace       used 17222K, capacity 17674K, committed 18048K, reserved 1064960K
  class space    used 1984K, capacity 2083K, committed 2176K, reserved 1048576K
}
Event: 2.149 GC heap before
{Heap before GC invocations=2 (full 0):
 garbage-first heap   total 262144K, used 27344K [0x00000006c1e00000, 0x00000006c1f00800, 0x00000007c0000000)
  region size 1024K, 19 young (19456K), 3 survivors (3072K)
 Metaspace       used 20487K, capacity 21146K, committed 21296K, reserved 1069056K
  class space    used 2484K, capacity 2625K, committed 2688K, reserved 1048576K
}
Event: 2.154 GC heap after
{Heap after GC invocations=3 (full 0):
 garbage-first heap   total 262144K, used 14170K [0x00000006c1e00000, 0x00000006c1f00800, 0x00000007c0000000)
  region size 1024K, 6 young (6144K), 6 survivors (6144K)
 Metaspace       used 20487K, capacity 21146K, committed 21296K, reserved 1069056K
  class space    used 2484K, capacity 2625K, committed 2688K, reserved 1048576K
}

Deoptimization events (10 events):
Event: 1.306 Thread 0x0000022863c2d000 Uncommon trap: reason=unstable_if action=reinterpret pc=0x0000022873c4e160 method=java.util.concurrent.ConcurrentHashMap.putVal(Ljava/lang/Object;Ljava/lang/Object;Z)Ljava/lang/Object; @ 245 c2
Event: 1.306 Thread 0x0000022863c2d000 Uncommon trap: reason=unstable_if action=reinterpret pc=0x0000022873bd8904 method=java.lang.String.hashCode()I @ 22 c2
Event: 1.450 Thread 0x0000022863c2d000 Uncommon trap: reason=unstable_if action=reinterpret pc=0x0000022873c6c694 method=java.io.ByteArrayInputStream.read([BII)I @ 63 c2
Event: 1.465 Thread 0x0000022863c2d000 Uncommon trap: reason=unstable_if action=reinterpret pc=0x0000022873c422c8 method=java.lang.String.replace(CC)Ljava/lang/String; @ 2 c2
Event: 1.473 Thread 0x0000022863c2d000 Uncommon trap: reason=unstable_if action=reinterpret pc=0x0000022873c47514 method=jdk.internal.org.objectweb.asm.Type.getArgumentsAndReturnSizes(Ljava/lang/String;)I @ 88 c2
Event: 1.486 Thread 0x000002280a71c800 Uncommon trap: reason=unstable_if action=reinterpret pc=0x0000022873c579b4 method=java.lang.CharacterDataLatin1.digit(II)I @ 82 c2
Event: 1.998 Thread 0x000002280a71c800 Uncommon trap: reason=unstable_if action=reinterpret pc=0x0000022873c57208 method=java.lang.CharacterDataLatin1.digit(II)I @ 82 c2
Event: 2.095 Thread 0x0000022863c2d000 Uncommon trap: reason=unstable_if action=reinterpret pc=0x0000022873c958bc method=java.util.regex.Pattern$BmpCharProperty.match(Ljava/util/regex/Matcher;ILjava/lang/CharSequence;)Z @ 5 c2
Event: 2.189 Thread 0x0000022863c2d000 Uncommon trap: reason=unstable_if action=reinterpret pc=0x0000022873c7c780 method=java.util.concurrent.ConcurrentHashMap.putVal(Ljava/lang/Object;Ljava/lang/Object;Z)Ljava/lang/Object; @ 231 c2
Event: 7.105 Thread 0x0000022863c2d000 Uncommon trap: reason=unstable_if action=reinterpret pc=0x0000022873c8cb60 method=jdk.internal.loader.URLClassPath$FileLoader.getResource(Ljava/lang/String;Z)Ljdk/internal/loader/Resource; @ 139 c2

Classes redefined (5 events):
Event: 285.397 Thread 0x000002280874b800 redefined class name=btcTestSuite.SignInWallet, count=1
Event: 674.179 Thread 0x000002280874b800 redefined class name=btcTestSuite.SignInWallet, count=2
Event: 1080.622 Thread 0x000002280874b800 redefined class name=btcTestSuite.SignInWallet, count=3
Event: 1562.060 Thread 0x000002280874b800 redefined class name=btcTestSuite.SignInWallet, count=4
Event: 1606.584 Thread 0x000002280874b800 redefined class name=btcTestSuite.SignInWallet, count=5

Internal exceptions (10 events):
Event: 5.904 Thread 0x0000022863c2d000 Exception <a 'java/net/SocketTimeoutException'{0x00000006d1845a88}: Read timed out> (0x00000006d1845a88) thrown at [t:/workspace/hotspot/src/share/vm/prims/jni.cpp, line 625]
Event: 7.129 Thread 0x0000022863c2d000 Exception <a 'java/net/SocketTimeoutException'{0x00000006d16e5fd0}: Read timed out> (0x00000006d16e5fd0) thrown at [t:/workspace/hotspot/src/share/vm/prims/jni.cpp, line 625]
Event: 7.156 Thread 0x0000022863c2d000 Exception <a 'java/net/SocketTimeoutException'{0x00000006d16f36c0}: Read timed out> (0x00000006d16f36c0) thrown at [t:/workspace/hotspot/src/share/vm/prims/jni.cpp, line 625]
Event: 7.205 Thread 0x0000022863c2d000 Exception <a 'java/net/SocketTimeoutException'{0x00000006d1500d38}: Read timed out> (0x00000006d1500d38) thrown at [t:/workspace/hotspot/src/share/vm/prims/jni.cpp, line 625]
Event: 7.245 Thread 0x0000022863c2d000 Exception <a 'java/net/SocketTimeoutException'{0x00000006d150eaf0}: Read timed out> (0x00000006d150eaf0) thrown at [t:/workspace/hotspot/src/share/vm/prims/jni.cpp, line 625]
Event: 7.346 Thread 0x0000022863c2d000 Exception <a 'java/net/SocketTimeoutException'{0x00000006d151a5c8}: Read timed out> (0x00000006d151a5c8) thrown at [t:/workspace/hotspot/src/share/vm/prims/jni.cpp, line 625]
Event: 7.361 Thread 0x0000022863c2d000 Exception <a 'java/net/SocketTimeoutException'{0x00000006d1527e90}: Read timed out> (0x00000006d1527e90) thrown at [t:/workspace/hotspot/src/share/vm/prims/jni.cpp, line 625]
Event: 7.416 Thread 0x0000022863c2d000 Exception <a 'java/net/SocketTimeoutException'{0x00000006d1533a08}: Read timed out> (0x00000006d1533a08) thrown at [t:/workspace/hotspot/src/share/vm/prims/jni.cpp, line 625]
Event: 7.434 Thread 0x0000022863c2d000 Exception <a 'java/net/SocketTimeoutException'{0x00000006d1540f90}: Read timed out> (0x00000006d1540f90) thrown at [t:/workspace/hotspot/src/share/vm/prims/jni.cpp, line 625]
Event: 7.566 Thread 0x0000022863c2d000 Exception <a 'java/net/SocketTimeoutException'{0x00000006d1552f90}: Read timed out> (0x00000006d1552f90) thrown at [t:/workspace/hotspot/src/share/vm/prims/jni.cpp, line 625]

Events (10 events):
Event: 1662.109 Executing VM operation: GetFrameLocation done
Event: 1662.109 Executing VM operation: GetOrSetLocal
Event: 1662.109 Executing VM operation: GetOrSetLocal done
Event: 1662.110 Executing VM operation: GetFrameLocation
Event: 1662.110 Executing VM operation: GetFrameLocation done
Event: 1662.110 Executing VM operation: GetOrSetLocal
Event: 1662.110 Executing VM operation: GetOrSetLocal done
Event: 1713.247 Executing VM operation: GetFrameLocation
Event: 1713.247 Executing VM operation: GetFrameLocation done
Event: 1713.247 Executing VM operation: GetOrSetLocal


Dynamic libraries:
0x00007ff7264c0000 - 0x00007ff7264fe000 	C:\Program Files\Java\jre-9.0.4\bin\javaw.exe
0x00007ffb4fa70000 - 0x00007ffb4fc50000 	C:\Windows\SYSTEM32\ntdll.dll
0x00007ffb4f990000 - 0x00007ffb4fa3e000 	C:\Windows\System32\KERNEL32.DLL
0x00007ffb4c810000 - 0x00007ffb4ca76000 	C:\Windows\System32\KERNELBASE.dll
0x00007ffb4cf40000 - 0x00007ffb4cfe1000 	C:\Windows\System32\ADVAPI32.dll
0x00007ffb4f890000 - 0x00007ffb4f92d000 	C:\Windows\System32\msvcrt.dll
0x00007ffb4dd60000 - 0x00007ffb4ddbb000 	C:\Windows\System32\sechost.dll
0x00007ffb4dc10000 - 0x00007ffb4dd2f000 	C:\Windows\System32\RPCRT4.dll
0x00007ffb4d1a0000 - 0x00007ffb4d32f000 	C:\Windows\System32\USER32.dll
0x00007ffb4bf10000 - 0x00007ffb4bf30000 	C:\Windows\System32\win32u.dll
0x00007ffb4d640000 - 0x00007ffb4d668000 	C:\Windows\System32\GDI32.dll
0x00007ffb4cb80000 - 0x00007ffb4cd13000 	C:\Windows\System32\gdi32full.dll
0x00007ffb4be70000 - 0x00007ffb4bf0b000 	C:\Windows\System32\msvcp_win.dll
0x00007ffb4ca80000 - 0x00007ffb4cb76000 	C:\Windows\System32\ucrtbase.dll
0x00007ffb42570000 - 0x00007ffb4257a000 	C:\Windows\SYSTEM32\VERSION.dll
0x00007ffb34990000 - 0x00007ffb34bf9000 	C:\Windows\WinSxS\amd64_microsoft.windows.common-controls_6595b64144ccf1df_6.0.16299.248_none_15ced204935f55d7\COMCTL32.dll
0x00007ffb4d330000 - 0x00007ffb4d638000 	C:\Windows\System32\combase.dll
0x00007ffb4c680000 - 0x00007ffb4c6f2000 	C:\Windows\System32\bcryptPrimitives.dll
0x00007ffb4f7a0000 - 0x00007ffb4f7cd000 	C:\Windows\System32\IMM32.DLL
0x00007ffb236f0000 - 0x00007ffb237df000 	C:\Program Files\Java\jre-9.0.4\bin\msvcr120.dll
0x00007ffb34760000 - 0x00007ffb34806000 	C:\Program Files\Java\jre-9.0.4\bin\msvcp120.dll
0x0000000073a70000 - 0x0000000074495000 	C:\Program Files\Java\jre-9.0.4\bin\server\jvm.dll
0x00007ffb4f790000 - 0x00007ffb4f798000 	C:\Windows\System32\PSAPI.DLL
0x00007ffb42be0000 - 0x00007ffb42c03000 	C:\Windows\SYSTEM32\WINMM.dll
0x00007ffb3f6e0000 - 0x00007ffb3f6e9000 	C:\Windows\SYSTEM32\WSOCK32.dll
0x00007ffb4e2e0000 - 0x00007ffb4e34c000 	C:\Windows\System32\WS2_32.dll
0x00007ffb42a10000 - 0x00007ffb42a3a000 	C:\Windows\SYSTEM32\winmmbase.dll
0x00007ffb4cd20000 - 0x00007ffb4cd6a000 	C:\Windows\System32\cfgmgr32.dll
0x00007ffb48430000 - 0x00007ffb4843f000 	C:\Program Files\Java\jre-9.0.4\bin\verify.dll
0x00007ffb3bc50000 - 0x00007ffb3bc77000 	C:\Program Files\Java\jre-9.0.4\bin\java.dll
0x00007ffb3c100000 - 0x00007ffb3c136000 	C:\Program Files\Java\jre-9.0.4\bin\jdwp.dll
0x00007ffb468f0000 - 0x00007ffb46906000 	C:\Program Files\Java\jre-9.0.4\bin\zip.dll
0x00007ffb47030000 - 0x00007ffb4703a000 	C:\Program Files\Java\jre-9.0.4\bin\jimage.dll
0x00007ffb4e350000 - 0x00007ffb4f786000 	C:\Windows\System32\SHELL32.dll
0x00007ffb4e120000 - 0x00007ffb4e1c6000 	C:\Windows\System32\shcore.dll
0x00007ffb4bf30000 - 0x00007ffb4c677000 	C:\Windows\System32\windows.storage.dll
0x00007ffb4f930000 - 0x00007ffb4f981000 	C:\Windows\System32\shlwapi.dll
0x00007ffb4bde0000 - 0x00007ffb4bdf1000 	C:\Windows\System32\kernel.appcore.dll
0x00007ffb4be00000 - 0x00007ffb4be4c000 	C:\Windows\System32\powrprof.dll
0x00007ffb4bdc0000 - 0x00007ffb4bddb000 	C:\Windows\System32\profapi.dll
0x00007ffb400e0000 - 0x00007ffb400fa000 	C:\Program Files\Java\jre-9.0.4\bin\net.dll
0x00007ffb47d50000 - 0x00007ffb47e2e000 	C:\Windows\SYSTEM32\WINHTTP.dll
0x00007ffb4b650000 - 0x00007ffb4b6b6000 	C:\Windows\system32\mswsock.dll
0x00007ffb3c830000 - 0x00007ffb3c841000 	C:\Program Files\Java\jre-9.0.4\bin\nio.dll
0x00007ffb48d70000 - 0x00007ffb48d7a000 	C:\Program Files\Java\jre-9.0.4\bin\dt_socket.dll
0x00007ffb4b420000 - 0x00007ffb4b4d6000 	C:\Windows\SYSTEM32\DNSAPI.dll
0x00007ffb4dd50000 - 0x00007ffb4dd58000 	C:\Windows\System32\NSI.dll
0x00007ffb4b3e0000 - 0x00007ffb4b419000 	C:\Windows\SYSTEM32\IPHLPAPI.DLL
0x00007ffb453f0000 - 0x00007ffb45460000 	C:\Windows\System32\fwpuclnt.dll
0x00007ffb4b920000 - 0x00007ffb4b945000 	C:\Windows\SYSTEM32\bcrypt.dll
0x00007ffb453d0000 - 0x00007ffb453da000 	C:\Windows\System32\rasadhlp.dll
0x00007ffb4b810000 - 0x00007ffb4b827000 	C:\Windows\SYSTEM32\CRYPTSP.dll
0x00007ffb4b260000 - 0x00007ffb4b293000 	C:\Windows\system32\rsaenh.dll
0x00007ffb4bcc0000 - 0x00007ffb4bce9000 	C:\Windows\SYSTEM32\USERENV.dll
0x00007ffb4b830000 - 0x00007ffb4b83b000 	C:\Windows\SYSTEM32\CRYPTBASE.dll
0x00007ffb45d30000 - 0x00007ffb45d46000 	C:\Windows\SYSTEM32\dhcpcsvc6.DLL
0x00007ffb45de0000 - 0x00007ffb45dfa000 	C:\Windows\SYSTEM32\dhcpcsvc.DLL
0x00007ffb36d50000 - 0x00007ffb36d66000 	C:\Windows\system32\napinsp.dll
0x00007ffb36940000 - 0x00007ffb3695a000 	C:\Windows\system32\pnrpnsp.dll
0x00007ffb48cb0000 - 0x00007ffb48cc8000 	C:\Windows\system32\NLAapi.dll
0x00007ffb36df0000 - 0x00007ffb36dfe000 	C:\Windows\System32\winrnr.dll
0x00007ffb36ca0000 - 0x00007ffb36cb5000 	C:\Windows\System32\wshbth.dll
0x00007ffb46890000 - 0x00007ffb4689b000 	C:\Program Files\Java\jre-9.0.4\bin\sunmscapi.dll
0x00007ffb4cd70000 - 0x00007ffb4cf3e000 	C:\Windows\System32\CRYPT32.dll
0x00007ffb4be50000 - 0x00007ffb4be62000 	C:\Windows\System32\MSASN1.dll
0x00007ffb3b3e0000 - 0x00007ffb3b403000 	C:\Program Files\Java\jre-9.0.4\bin\sunec.dll
0x00007ffb3f370000 - 0x00007ffb3f538000 	C:\Windows\SYSTEM32\dbghelp.dll

VM Arguments:
jvm_args: -agentlib:jdwp=transport=dt_socket,suspend=y,address=localhost:57580 -ea -Dfile.encoding=Cp1252 
java_command: org.testng.remote.RemoteTestNG -serport 57579 -protocol json -d C:\Users\sohaibcool\eclipse-workspace\BTCcom\test-output C:\Users\SOHAIB~1\AppData\Local\Temp\testng-eclipse--328574630\testng-customsuite.xml
java_class_path (initial): D:\Software\eclipse-jee-oxygen-2-win32-x86_64\eclipse\configuration\org.eclipse.osgi\1018\0\.cp\lib\testng-remote.jar;C:\Users\sohaibcool\eclipse-workspace\BTCcom\target\test-classes;C:\Users\sohaibcool\eclipse-workspace\BTCcom\target\classes;C:\Users\sohaibcool\.m2\repository\org\seleniumhq\selenium\selenium-java\3.7.1\selenium-java-3.7.1.jar;C:\Users\sohaibcool\.m2\repository\org\seleniumhq\selenium\selenium-api\3.7.1\selenium-api-3.7.1.jar;C:\Users\sohaibcool\.m2\repository\org\seleniumhq\selenium\selenium-chrome-driver\3.7.1\selenium-chrome-driver-3.7.1.jar;C:\Users\sohaibcool\.m2\repository\org\seleniumhq\selenium\selenium-edge-driver\3.7.1\selenium-edge-driver-3.7.1.jar;C:\Users\sohaibcool\.m2\repository\org\seleniumhq\selenium\selenium-firefox-driver\3.7.1\selenium-firefox-driver-3.7.1.jar;C:\Users\sohaibcool\.m2\repository\org\seleniumhq\selenium\selenium-ie-driver\3.7.1\selenium-ie-driver-3.7.1.jar;C:\Users\sohaibcool\.m2\repository\org\seleniumhq\selenium\selenium-opera-driver\3.7.1\selenium-opera-driver-3.7.1.jar;C:\Users\sohaibcool\.m2\repository\org\seleniumhq\selenium\selenium-remote-driver\3.7.1\selenium-remote-driver-3.7.1.jar;C:\Users\sohaibcool\.m2\repository\org\seleniumhq\selenium\selenium-safari-driver\3.7.1\selenium-safari-driver-3.7.1.jar;C:\Users\sohaibcool\.m2\repository\org\seleniumhq\selenium\selenium-support\3.7.1\selenium-support-3.7.1.jar;C:\Users\sohaibcool\.m2\repository\net\bytebuddy\byte-buddy\1.7.5\byte-buddy-1.7.5.jar;C:\Users\sohaibcool\.m2\repository\org\apache\commons\commons-exec\1.3\commons-exec-1.3.jar;C:\Users\sohaibcool\.m2\repository\commons-codec\commons-codec\1.10\commons-codec-1.10.jar;C:\Users\sohaibcool\.m2\repository\commons-logging\commons-logging\1.2\commons-logging-1.2.jar;C:\Users\sohaibcool\.m2\repository\com\google\code\gson\gson\2.8.2\gson-2.8.2.jar;C:\Users\sohaibcool\.m2\repository\com\google\guava\guava\23.0\guava-23.0.jar;C:\Users\sohaibcool\.m2\repository\com\google\code\find
Launcher Type: SUN_STANDARD

Logging:
Log output configuration:
#0: stdout all=warning uptime,level,tags
#1: stderr all=off uptime,level,tags

Environment Variables:
PATH=C:\ProgramData\Oracle\Java\javapath;C:\Program Files (x86)\Intel\iCLS Client\;C:\Program Files\Intel\iCLS Client\;C:\Windows\system32;C:\Windows;C:\Windows\System32\Wbem;C:\Windows\System32\WindowsPowerShell\v1.0\;C:\Program Files (x86)\Intel\Intel(R) Management Engine Components\DAL;C:\Program Files\Intel\Intel(R) Management Engine Components\DAL;C:\Program Files (x86)\Intel\Intel(R) Management Engine Components\IPT;C:\Program Files\Intel\Intel(R) Management Engine Components\IPT;C:\Program Files\Intel\WiFi\bin\;C:\Program Files\Common Files\Intel\WirelessCommon\;C:\Program Files (x86)\Java\jre1.8.0_161\bin;C:\Program Files\Java\jdk-9.0.4;C:\Program Files\Git\cmd;C:\Program Files\node;C:\Program Files\nodejs\;C:\Users\sohaibcool\AppData\Local\Microsoft\WindowsApps;C:\Users\sohaibcool\AppData\Roaming\npm
USERNAME=sohaibcool
OS=Windows_NT
PROCESSOR_IDENTIFIER=Intel64 Family 6 Model 158 Stepping 9, GenuineIntel



---------------  S Y S T E M  ---------------

OS: Windows 10 , 64 bit Build 16299 (10.0.16299.15)

CPU:total 8 (initial active 8) (4 cores per cpu, 2 threads per core) family 6 model 158 stepping 9, cmov, cx8, fxsr, mmx, sse, sse2, sse3, ssse3, sse4.1, sse4.2, popcnt, avx, avx2, aes, clmul, erms, 3dnowpref, lzcnt, ht, tsc, tscinvbit, bmi1, bmi2, adx, fma

Memory: 4k page, physical 16652592k(6506372k free), swap 24564208k(4113188k free)

vm_info: Java HotSpot(TM) 64-Bit Server VM (9.0.4+11) for windows-amd64 JRE (9.0.4+11), built on Dec 20 2017 02:18:54 by "mach5one" with MS VC++ 12.0 (VS2013)

END.
