#
# A fatal error has been detected by the Java Runtime Environment:
#
#  Internal Error (t:/workspace/hotspot/src/share/vm/interpreter/oopMapCache.cpp:105), pid=26416, tid=29488
#  Error: ShouldNotReachHere()
#
# JRE version: Java(TM) SE Runtime Environment (9.0+11) (build 9.0.4+11)
# Java VM: Java HotSpot(TM) 64-Bit Server VM (9.0.4+11, mixed mode, tiered, compressed oops, g1 gc, windows-amd64)
# No core dump will be written. Minidumps are not enabled by default on client versions of Windows
#
# If you would like to submit a bug report, please visit:
#   http://bugreport.java.com/bugreport/crash.jsp
#

---------------  S U M M A R Y ------------

Command Line: -agentlib:jdwp=transport=dt_socket,suspend=y,address=localhost:60742 -ea -Dfile.encoding=Cp1252 org.testng.remote.RemoteTestNG -serport 60741 -protocol json -d C:\Users\sohaibcool\eclipse-workspace\BTCcom\test-output C:\Users\SOHAIB~1\AppData\Local\Temp\testng-eclipse--1690606255\testng-customsuite.xml

Host: Intel(R) Core(TM) i7-7700HQ CPU @ 2.80GHz, 8 cores, 15G,  Windows 10 , 64 bit Build 16299 (10.0.16299.15)
Time: Wed Mar 21 11:48:39 2018 W. Europe Standard Time elapsed time: 2251 seconds (0d 0h 37m 31s)

---------------  T H R E A D  ---------------

Current thread (0x000002acdc7fa800):  VMThread "VM Thread" [stack: 0x000000bcbfa00000,0x000000bcbfb00000] [id=29488]

Stack: [0x000000bcbfa00000,0x000000bcbfb00000]
[error occurred during error reporting (printing stack bounds), id 0xe0000000]

Native frames: (J=compiled Java code, j=interpreted, Vv=VM code, C=native code)
V  [jvm.dll+0x587068]
V  [jvm.dll+0x69c25e]
V  [jvm.dll+0x69d17a]
V  [jvm.dll+0x69cd05]
V  [jvm.dll+0x69d71b]
V  [jvm.dll+0x5868c6]
V  [jvm.dll+0x586c98]
C  [ntdll.dll+0xa4c7d]
C  [ntdll.dll+0x1d1d8]
C  [ntdll.dll+0xa3bae]
C  0x000002acc01e0e2a

VM_Operation (0x000000bcc05ff200): GetOrSetLocal, mode: safepoint, requested by thread 0x000002acdd2b5000


---------------  P R O C E S S  ---------------

Java Threads: ( => current thread )
  0x000002acdea81000 JavaThread "Exec Stream Pumper" daemon [_thread_in_native, id=27428, stack(0x000000bcc0f00000,0x000000bcc1000000)]
  0x000002acdec67800 JavaThread "Exec Stream Pumper" daemon [_thread_in_native, id=17344, stack(0x000000bcc0e00000,0x000000bcc0f00000)]
  0x000002acde9c2800 JavaThread "Exec Default Executor" daemon [_thread_in_native, id=14040, stack(0x000000bcc0c00000,0x000000bcc0d00000)]
  0x000002acddea3800 JavaThread "ReaderThread" [_thread_in_native, id=12772, stack(0x000000bcc0b00000,0x000000bcc0c00000)]
  0x000002acdd2c9800 JavaThread "Service Thread" daemon [_thread_blocked, id=22004, stack(0x000000bcc0800000,0x000000bcc0900000)]
  0x000002acdd2be800 JavaThread "JDWP Command Reader" daemon [_thread_in_native, id=3872, stack(0x000000bcc0700000,0x000000bcc0800000)]
  0x000002acdd2b5800 JavaThread "JDWP Event Helper Thread" daemon [_thread_blocked, id=10696, stack(0x000000bcc0600000,0x000000bcc0700000)]
  0x000002acdd2b5000 JavaThread "JDWP Transport Listener: dt_socket" daemon [_thread_blocked, id=26744, stack(0x000000bcc0500000,0x000000bcc0600000)]
  0x000002acdd118800 JavaThread "Common-Cleaner" daemon [_thread_blocked, id=22596, stack(0x000000bcc0400000,0x000000bcc0500000)]
  0x000002acdd035800 JavaThread "Sweeper thread" daemon [_thread_blocked, id=9908, stack(0x000000bcc0300000,0x000000bcc0400000)]
  0x000002acdd02b000 JavaThread "C1 CompilerThread3" daemon [_thread_blocked, id=2856, stack(0x000000bcc0200000,0x000000bcc0300000)]
  0x000002acdd01b800 JavaThread "C2 CompilerThread2" daemon [_thread_blocked, id=22752, stack(0x000000bcc0100000,0x000000bcc0200000)]
  0x000002acdd01b000 JavaThread "C2 CompilerThread1" daemon [_thread_blocked, id=27104, stack(0x000000bcc0000000,0x000000bcc0100000)]
  0x000002acdd01a000 JavaThread "C2 CompilerThread0" daemon [_thread_blocked, id=976, stack(0x000000bcbff00000,0x000000bcc0000000)]
  0x000002acdd018800 JavaThread "Attach Listener" daemon [_thread_blocked, id=25548, stack(0x000000bcbfe00000,0x000000bcbff00000)]
  0x000002acdc80e000 JavaThread "Signal Dispatcher" daemon [_thread_blocked, id=17940, stack(0x000000bcbfd00000,0x000000bcbfe00000)]
  0x000002acdc7d4800 JavaThread "Finalizer" daemon [_thread_blocked, id=7520, stack(0x000000bcbfc00000,0x000000bcbfd00000)]
  0x000002acdc7d4000 JavaThread "Reference Handler" daemon [_thread_blocked, id=28676, stack(0x000000bcbfb00000,0x000000bcbfc00000)]
  0x000002acb7d16000 JavaThread "main" [_thread_blocked, id=28308, stack(0x000000bcbe500000,0x000000bcbe600000)]

Other Threads:
=>0x000002acdc7fa800 VMThread "VM Thread" [stack: 0x000000bcbfa00000,0x000000bcbfb00000] [id=29488]
  0x000002acdd2d1000 WatcherThread [stack: 0x000000bcc0900000,0x000000bcc0a00000] [id=18068]
  0x000002acb7d2d000 GCTaskThread "GC Thread#0" [stack: 0x000000bcbe600000,0x000000bcbe700000] [id=10620]
  0x000002acb7d2e800 GCTaskThread "GC Thread#1" [stack: 0x000000bcbe700000,0x000000bcbe800000] [id=16004]
  0x000002acb7d31800 GCTaskThread "GC Thread#2" [stack: 0x000000bcbe800000,0x000000bcbe900000] [id=18780]
  0x000002acb7d3c000 GCTaskThread "GC Thread#3" [stack: 0x000000bcbe900000,0x000000bcbea00000] [id=13772]
  0x000002acb7d3e800 GCTaskThread "GC Thread#4" [stack: 0x000000bcbea00000,0x000000bcbeb00000] [id=17352]
  0x000002acb7d41800 GCTaskThread "GC Thread#5" [stack: 0x000000bcbeb00000,0x000000bcbec00000] [id=26288]
  0x000002acb7d43000 GCTaskThread "GC Thread#6" [stack: 0x000000bcbec00000,0x000000bcbed00000] [id=19984]
  0x000002acb7d45800 GCTaskThread "GC Thread#7" [stack: 0x000000bcbed00000,0x000000bcbee00000] [id=19784]
  0x000002acb7db9000 ConcurrentGCThread "G1 Main Marker" [stack: 0x000000bcbf700000,0x000000bcbf800000] [id=2068]
  0x000002acb7dba000 ConcurrentGCThread "G1 Marker#0" [stack: 0x000000bcbf800000,0x000000bcbf900000] [id=11144]
  0x000002acb7dba800 ConcurrentGCThread "G1 Marker#1" [stack: 0x000000bcbf900000,0x000000bcbfa00000] [id=22664]
  0x000002acb7d69800 ConcurrentGCThread "G1 Refine#0" [stack: 0x000000bcbf500000,0x000000bcbf600000] [id=15868]
  0x000002acb7d58800 ConcurrentGCThread "G1 Refine#1" [stack: 0x000000bcbf400000,0x000000bcbf500000] [id=24848]
  0x000002acb7d54800 ConcurrentGCThread "G1 Refine#2" [stack: 0x000000bcbf300000,0x000000bcbf400000] [id=27136]
  0x000002acb7d54000 ConcurrentGCThread "G1 Refine#3" [stack: 0x000000bcbf200000,0x000000bcbf300000] [id=29172]
  0x000002acb7d53000 ConcurrentGCThread "G1 Refine#4" [stack: 0x000000bcbf100000,0x000000bcbf200000] [id=7052]
  0x000002acb7d50800 ConcurrentGCThread "G1 Refine#5" [stack: 0x000000bcbf000000,0x000000bcbf100000] [id=16852]
  0x000002acb7d4a800 ConcurrentGCThread "G1 Refine#6" [stack: 0x000000bcbef00000,0x000000bcbf000000] [id=22024]
  0x000002acb7d4a000 ConcurrentGCThread "G1 Refine#7" [stack: 0x000000bcbee00000,0x000000bcbef00000] [id=21836]
  0x000002acb7d6e000 ConcurrentGCThread "G1 Young RemSet Sampling" [stack: 0x000000bcbf600000,0x000000bcbf700000] [id=19408]

Threads with active compile tasks:

VM state:at safepoint (normal execution)

VM Mutex/Monitor currently owned by a thread:  ([mutex/lock_event])
[0x000002acb7d15cb0] Threads_lock - owner thread: 0x000002acdc7fa800

OutOfMemory and StackOverflow Exception counts:
StackOverflowErrors=1

Heap address: 0x00000006c1e00000, size: 4066 MB, Compressed Oops mode: Zero based, Oop shift amount: 3
Narrow klass base: 0x0000000000000000, Narrow klass shift: 3
Compressed class space size: 1073741824 Address: 0x00000007c0000000

Heap:
 garbage-first heap   total 262144K, used 23523K [0x00000006c1e00000, 0x00000006c1f00800, 0x00000007c0000000)
  region size 1024K, 17 young (17408K), 5 survivors (5120K)
 Metaspace       used 22617K, capacity 23558K, committed 23680K, reserved 1071104K
  class space    used 2724K, capacity 2931K, committed 2944K, reserved 1048576K
Heap Regions: E=young(eden), S=young(survivor), O=old, HS=humongous(starts), HC=humongous(continues), CS=collection set, F=free, A=archive, TS=gc time stamp, AC=allocation context, TAMS=top-at-mark-start (previous, next)
|   0|0x00000006c1e00000, 0x00000006c1f00000, 0x00000006c1f00000|100%|HS|  |TS  0|AC  0|TAMS 0x00000006c1f00000, 0x00000006c1f00000|
|   1|0x00000006c1f00000, 0x00000006c2000000, 0x00000006c2000000|100%| O|  |TS  0|AC  0|TAMS 0x00000006c2000000, 0x00000006c2000000|
|   2|0x00000006c2000000, 0x00000006c2100000, 0x00000006c2100000|100%| O|  |TS  0|AC  0|TAMS 0x00000006c2100000, 0x00000006c2100000|
|   3|0x00000006c2100000, 0x00000006c2100000, 0x00000006c2200000|  0%| F|  |TS  0|AC  0|TAMS 0x00000006c2100000, 0x00000006c2100000|
|   4|0x00000006c2200000, 0x00000006c2300000, 0x00000006c2300000|100%| O|  |TS  0|AC  0|TAMS 0x00000006c2300000, 0x00000006c2300000|
|   5|0x00000006c2300000, 0x00000006c2400000, 0x00000006c2400000|100%| O|  |TS  0|AC  0|TAMS 0x00000006c2400000, 0x00000006c2400000|
|   6|0x00000006c2400000, 0x00000006c2500000, 0x00000006c2500000|100%| O|  |TS  0|AC  0|TAMS 0x00000006c2500000, 0x00000006c2500000|
|   7|0x00000006c2500000, 0x00000006c2600000, 0x00000006c2600000|100%| O|  |TS  0|AC  0|TAMS 0x00000006c2600000, 0x00000006c2600000|
|   8|0x00000006c2600000, 0x00000006c2600000, 0x00000006c2700000|  0%| F|  |TS  0|AC  0|TAMS 0x00000006c2600000, 0x00000006c2600000|
|   9|0x00000006c2700000, 0x00000006c2700000, 0x00000006c2800000|  0%| F|  |TS  0|AC  0|TAMS 0x00000006c2700000, 0x00000006c2700000|
|  10|0x00000006c2800000, 0x00000006c2800000, 0x00000006c2900000|  0%| F|  |TS  0|AC  0|TAMS 0x00000006c2800000, 0x00000006c2800000|
|  11|0x00000006c2900000, 0x00000006c2900000, 0x00000006c2a00000|  0%| F|  |TS  0|AC  0|TAMS 0x00000006c2900000, 0x00000006c2900000|
|  12|0x00000006c2a00000, 0x00000006c2a00000, 0x00000006c2b00000|  0%| F|  |TS  0|AC  0|TAMS 0x00000006c2a00000, 0x00000006c2a00000|
|  13|0x00000006c2b00000, 0x00000006c2b00000, 0x00000006c2c00000|  0%| F|  |TS  0|AC  0|TAMS 0x00000006c2b00000, 0x00000006c2b00000|
|  14|0x00000006c2c00000, 0x00000006c2c00000, 0x00000006c2d00000|  0%| F|  |TS  0|AC  0|TAMS 0x00000006c2c00000, 0x00000006c2c00000|
|  15|0x00000006c2d00000, 0x00000006c2d00000, 0x00000006c2e00000|  0%| F|  |TS  0|AC  0|TAMS 0x00000006c2d00000, 0x00000006c2d00000|
|  16|0x00000006c2e00000, 0x00000006c2e00000, 0x00000006c2f00000|  0%| F|  |TS  0|AC  0|TAMS 0x00000006c2e00000, 0x00000006c2e00000|
|  17|0x00000006c2f00000, 0x00000006c2f00000, 0x00000006c3000000|  0%| F|  |TS  0|AC  0|TAMS 0x00000006c2f00000, 0x00000006c2f00000|
|  18|0x00000006c3000000, 0x00000006c3000000, 0x00000006c3100000|  0%| F|  |TS  0|AC  0|TAMS 0x00000006c3000000, 0x00000006c3000000|
|  19|0x00000006c3100000, 0x00000006c3100000, 0x00000006c3200000|  0%| F|  |TS  0|AC  0|TAMS 0x00000006c3100000, 0x00000006c3100000|
|  20|0x00000006c3200000, 0x00000006c3200000, 0x00000006c3300000|  0%| F|  |TS  0|AC  0|TAMS 0x00000006c3200000, 0x00000006c3200000|
|  21|0x00000006c3300000, 0x00000006c3300000, 0x00000006c3400000|  0%| F|  |TS  0|AC  0|TAMS 0x00000006c3300000, 0x00000006c3300000|
|  22|0x00000006c3400000, 0x00000006c3400000, 0x00000006c3500000|  0%| F|  |TS  0|AC  0|TAMS 0x00000006c3400000, 0x00000006c3400000|
|  23|0x00000006c3500000, 0x00000006c3500000, 0x00000006c3600000|  0%| F|  |TS  0|AC  0|TAMS 0x00000006c3500000, 0x00000006c3500000|
|  24|0x00000006c3600000, 0x00000006c3600000, 0x00000006c3700000|  0%| F|  |TS  0|AC  0|TAMS 0x00000006c3600000, 0x00000006c3600000|
|  25|0x00000006c3700000, 0x00000006c3700000, 0x00000006c3800000|  0%| F|  |TS  0|AC  0|TAMS 0x00000006c3700000, 0x00000006c3700000|
|  26|0x00000006c3800000, 0x00000006c3800000, 0x00000006c3900000|  0%| F|  |TS  0|AC  0|TAMS 0x00000006c3800000, 0x00000006c3800000|
|  27|0x00000006c3900000, 0x00000006c3900000, 0x00000006c3a00000|  0%| F|  |TS  0|AC  0|TAMS 0x00000006c3900000, 0x00000006c3900000|
|  28|0x00000006c3a00000, 0x00000006c3a00000, 0x00000006c3b00000|  0%| F|  |TS  0|AC  0|TAMS 0x00000006c3a00000, 0x00000006c3a00000|
|  29|0x00000006c3b00000, 0x00000006c3b00000, 0x00000006c3c00000|  0%| F|  |TS  0|AC  0|TAMS 0x00000006c3b00000, 0x00000006c3b00000|
|  30|0x00000006c3c00000, 0x00000006c3c00000, 0x00000006c3d00000|  0%| F|  |TS  0|AC  0|TAMS 0x00000006c3c00000, 0x00000006c3c00000|
|  31|0x00000006c3d00000, 0x00000006c3d00000, 0x00000006c3e00000|  0%| F|  |TS  0|AC  0|TAMS 0x00000006c3d00000, 0x00000006c3d00000|
|  32|0x00000006c3e00000, 0x00000006c3e00000, 0x00000006c3f00000|  0%| F|  |TS  0|AC  0|TAMS 0x00000006c3e00000, 0x00000006c3e00000|
|  33|0x00000006c3f00000, 0x00000006c3f00000, 0x00000006c4000000|  0%| F|  |TS  0|AC  0|TAMS 0x00000006c3f00000, 0x00000006c3f00000|
|  34|0x00000006c4000000, 0x00000006c4000000, 0x00000006c4100000|  0%| F|  |TS  0|AC  0|TAMS 0x00000006c4000000, 0x00000006c4000000|
|  35|0x00000006c4100000, 0x00000006c4100000, 0x00000006c4200000|  0%| F|  |TS  0|AC  0|TAMS 0x00000006c4100000, 0x00000006c4100000|
|  36|0x00000006c4200000, 0x00000006c4200000, 0x00000006c4300000|  0%| F|  |TS  0|AC  0|TAMS 0x00000006c4200000, 0x00000006c4200000|
|  37|0x00000006c4300000, 0x00000006c4300000, 0x00000006c4400000|  0%| F|  |TS  0|AC  0|TAMS 0x00000006c4300000, 0x00000006c4300000|
|  38|0x00000006c4400000, 0x00000006c4400000, 0x00000006c4500000|  0%| F|  |TS  0|AC  0|TAMS 0x00000006c4400000, 0x00000006c4400000|
|  39|0x00000006c4500000, 0x00000006c4500000, 0x00000006c4600000|  0%| F|  |TS  0|AC  0|TAMS 0x00000006c4500000, 0x00000006c4500000|
|  40|0x00000006c4600000, 0x00000006c4600000, 0x00000006c4700000|  0%| F|  |TS  0|AC  0|TAMS 0x00000006c4600000, 0x00000006c4600000|
|  41|0x00000006c4700000, 0x00000006c4700000, 0x00000006c4800000|  0%| F|  |TS  0|AC  0|TAMS 0x00000006c4700000, 0x00000006c4700000|
|  42|0x00000006c4800000, 0x00000006c4800000, 0x00000006c4900000|  0%| F|  |TS  0|AC  0|TAMS 0x00000006c4800000, 0x00000006c4800000|
|  43|0x00000006c4900000, 0x00000006c4900000, 0x00000006c4a00000|  0%| F|  |TS  0|AC  0|TAMS 0x00000006c4900000, 0x00000006c4900000|
|  44|0x00000006c4a00000, 0x00000006c4a00000, 0x00000006c4b00000|  0%| F|  |TS  0|AC  0|TAMS 0x00000006c4a00000, 0x00000006c4a00000|
|  45|0x00000006c4b00000, 0x00000006c4b00000, 0x00000006c4c00000|  0%| F|  |TS  0|AC  0|TAMS 0x00000006c4b00000, 0x00000006c4b00000|
|  46|0x00000006c4c00000, 0x00000006c4c00000, 0x00000006c4d00000|  0%| F|  |TS  0|AC  0|TAMS 0x00000006c4c00000, 0x00000006c4c00000|
|  47|0x00000006c4d00000, 0x00000006c4d00000, 0x00000006c4e00000|  0%| F|  |TS  0|AC  0|TAMS 0x00000006c4d00000, 0x00000006c4d00000|
|  48|0x00000006c4e00000, 0x00000006c4e00000, 0x00000006c4f00000|  0%| F|  |TS  0|AC  0|TAMS 0x00000006c4e00000, 0x00000006c4e00000|
|  49|0x00000006c4f00000, 0x00000006c4f00000, 0x00000006c5000000|  0%| F|  |TS  0|AC  0|TAMS 0x00000006c4f00000, 0x00000006c4f00000|
|  50|0x00000006c5000000, 0x00000006c5000000, 0x00000006c5100000|  0%| F|  |TS  0|AC  0|TAMS 0x00000006c5000000, 0x00000006c5000000|
|  51|0x00000006c5100000, 0x00000006c5100000, 0x00000006c5200000|  0%| F|  |TS  0|AC  0|TAMS 0x00000006c5100000, 0x00000006c5100000|
|  52|0x00000006c5200000, 0x00000006c5200000, 0x00000006c5300000|  0%| F|  |TS  0|AC  0|TAMS 0x00000006c5200000, 0x00000006c5200000|
|  53|0x00000006c5300000, 0x00000006c5300000, 0x00000006c5400000|  0%| F|  |TS  0|AC  0|TAMS 0x00000006c5300000, 0x00000006c5300000|
|  54|0x00000006c5400000, 0x00000006c5400000, 0x00000006c5500000|  0%| F|  |TS  0|AC  0|TAMS 0x00000006c5400000, 0x00000006c5400000|
|  55|0x00000006c5500000, 0x00000006c5500000, 0x00000006c5600000|  0%| F|  |TS  0|AC  0|TAMS 0x00000006c5500000, 0x00000006c5500000|
|  56|0x00000006c5600000, 0x00000006c5600000, 0x00000006c5700000|  0%| F|  |TS  0|AC  0|TAMS 0x00000006c5600000, 0x00000006c5600000|
|  57|0x00000006c5700000, 0x00000006c5700000, 0x00000006c5800000|  0%| F|  |TS  0|AC  0|TAMS 0x00000006c5700000, 0x00000006c5700000|
|  58|0x00000006c5800000, 0x00000006c5800000, 0x00000006c5900000|  0%| F|  |TS  0|AC  0|TAMS 0x00000006c5800000, 0x00000006c5800000|
|  59|0x00000006c5900000, 0x00000006c5900000, 0x00000006c5a00000|  0%| F|  |TS  0|AC  0|TAMS 0x00000006c5900000, 0x00000006c5900000|
|  60|0x00000006c5a00000, 0x00000006c5a00000, 0x00000006c5b00000|  0%| F|  |TS  0|AC  0|TAMS 0x00000006c5a00000, 0x00000006c5a00000|
|  61|0x00000006c5b00000, 0x00000006c5b00000, 0x00000006c5c00000|  0%| F|  |TS  0|AC  0|TAMS 0x00000006c5b00000, 0x00000006c5b00000|
|  62|0x00000006c5c00000, 0x00000006c5c00000, 0x00000006c5d00000|  0%| F|  |TS  0|AC  0|TAMS 0x00000006c5c00000, 0x00000006c5c00000|
|  63|0x00000006c5d00000, 0x00000006c5d00000, 0x00000006c5e00000|  0%| F|  |TS  0|AC  0|TAMS 0x00000006c5d00000, 0x00000006c5d00000|
|  64|0x00000006c5e00000, 0x00000006c5e00000, 0x00000006c5f00000|  0%| F|  |TS  0|AC  0|TAMS 0x00000006c5e00000, 0x00000006c5e00000|
|  65|0x00000006c5f00000, 0x00000006c5f00000, 0x00000006c6000000|  0%| F|  |TS  0|AC  0|TAMS 0x00000006c5f00000, 0x00000006c5f00000|
|  66|0x00000006c6000000, 0x00000006c6000000, 0x00000006c6100000|  0%| F|  |TS  0|AC  0|TAMS 0x00000006c6000000, 0x00000006c6000000|
|  67|0x00000006c6100000, 0x00000006c6100000, 0x00000006c6200000|  0%| F|  |TS  0|AC  0|TAMS 0x00000006c6100000, 0x00000006c6100000|
|  68|0x00000006c6200000, 0x00000006c6200000, 0x00000006c6300000|  0%| F|  |TS  0|AC  0|TAMS 0x00000006c6200000, 0x00000006c6200000|
|  69|0x00000006c6300000, 0x00000006c6300000, 0x00000006c6400000|  0%| F|  |TS  0|AC  0|TAMS 0x00000006c6300000, 0x00000006c6300000|
|  70|0x00000006c6400000, 0x00000006c6400000, 0x00000006c6500000|  0%| F|  |TS  0|AC  0|TAMS 0x00000006c6400000, 0x00000006c6400000|
|  71|0x00000006c6500000, 0x00000006c6500000, 0x00000006c6600000|  0%| F|  |TS  0|AC  0|TAMS 0x00000006c6500000, 0x00000006c6500000|
|  72|0x00000006c6600000, 0x00000006c6600000, 0x00000006c6700000|  0%| F|  |TS  0|AC  0|TAMS 0x00000006c6600000, 0x00000006c6600000|
|  73|0x00000006c6700000, 0x00000006c6700000, 0x00000006c6800000|  0%| F|  |TS  0|AC  0|TAMS 0x00000006c6700000, 0x00000006c6700000|
|  74|0x00000006c6800000, 0x00000006c6800000, 0x00000006c6900000|  0%| F|  |TS  0|AC  0|TAMS 0x00000006c6800000, 0x00000006c6800000|
|  75|0x00000006c6900000, 0x00000006c6900000, 0x00000006c6a00000|  0%| F|  |TS  0|AC  0|TAMS 0x00000006c6900000, 0x00000006c6900000|
|  76|0x00000006c6a00000, 0x00000006c6a00000, 0x00000006c6b00000|  0%| F|  |TS  0|AC  0|TAMS 0x00000006c6a00000, 0x00000006c6a00000|
|  77|0x00000006c6b00000, 0x00000006c6b00000, 0x00000006c6c00000|  0%| F|  |TS  0|AC  0|TAMS 0x00000006c6b00000, 0x00000006c6b00000|
|  78|0x00000006c6c00000, 0x00000006c6c00000, 0x00000006c6d00000|  0%| F|  |TS  0|AC  0|TAMS 0x00000006c6c00000, 0x00000006c6c00000|
|  79|0x00000006c6d00000, 0x00000006c6d00000, 0x00000006c6e00000|  0%| F|  |TS  0|AC  0|TAMS 0x00000006c6d00000, 0x00000006c6d00000|
|  80|0x00000006c6e00000, 0x00000006c6e00000, 0x00000006c6f00000|  0%| F|  |TS  0|AC  0|TAMS 0x00000006c6e00000, 0x00000006c6e00000|
|  81|0x00000006c6f00000, 0x00000006c6f00000, 0x00000006c7000000|  0%| F|  |TS  0|AC  0|TAMS 0x00000006c6f00000, 0x00000006c6f00000|
|  82|0x00000006c7000000, 0x00000006c7000000, 0x00000006c7100000|  0%| F|  |TS  0|AC  0|TAMS 0x00000006c7000000, 0x00000006c7000000|
|  83|0x00000006c7100000, 0x00000006c7100000, 0x00000006c7200000|  0%| F|  |TS  0|AC  0|TAMS 0x00000006c7100000, 0x00000006c7100000|
|  84|0x00000006c7200000, 0x00000006c7200000, 0x00000006c7300000|  0%| F|  |TS  0|AC  0|TAMS 0x00000006c7200000, 0x00000006c7200000|
|  85|0x00000006c7300000, 0x00000006c7300000, 0x00000006c7400000|  0%| F|  |TS  0|AC  0|TAMS 0x00000006c7300000, 0x00000006c7300000|
|  86|0x00000006c7400000, 0x00000006c7400000, 0x00000006c7500000|  0%| F|  |TS  0|AC  0|TAMS 0x00000006c7400000, 0x00000006c7400000|
|  87|0x00000006c7500000, 0x00000006c7500000, 0x00000006c7600000|  0%| F|  |TS  0|AC  0|TAMS 0x00000006c7500000, 0x00000006c7500000|
|  88|0x00000006c7600000, 0x00000006c7600000, 0x00000006c7700000|  0%| F|  |TS  0|AC  0|TAMS 0x00000006c7600000, 0x00000006c7600000|
|  89|0x00000006c7700000, 0x00000006c7700000, 0x00000006c7800000|  0%| F|  |TS  0|AC  0|TAMS 0x00000006c7700000, 0x00000006c7700000|
|  90|0x00000006c7800000, 0x00000006c7800000, 0x00000006c7900000|  0%| F|  |TS  0|AC  0|TAMS 0x00000006c7800000, 0x00000006c7800000|
|  91|0x00000006c7900000, 0x00000006c7900000, 0x00000006c7a00000|  0%| F|  |TS  0|AC  0|TAMS 0x00000006c7900000, 0x00000006c7900000|
|  92|0x00000006c7a00000, 0x00000006c7a00000, 0x00000006c7b00000|  0%| F|  |TS  0|AC  0|TAMS 0x00000006c7a00000, 0x00000006c7a00000|
|  93|0x00000006c7b00000, 0x00000006c7b00000, 0x00000006c7c00000|  0%| F|  |TS  0|AC  0|TAMS 0x00000006c7b00000, 0x00000006c7b00000|
|  94|0x00000006c7c00000, 0x00000006c7c00000, 0x00000006c7d00000|  0%| F|  |TS  0|AC  0|TAMS 0x00000006c7c00000, 0x00000006c7c00000|
|  95|0x00000006c7d00000, 0x00000006c7d00000, 0x00000006c7e00000|  0%| F|  |TS  0|AC  0|TAMS 0x00000006c7d00000, 0x00000006c7d00000|
|  96|0x00000006c7e00000, 0x00000006c7e00000, 0x00000006c7f00000|  0%| F|  |TS  0|AC  0|TAMS 0x00000006c7e00000, 0x00000006c7e00000|
|  97|0x00000006c7f00000, 0x00000006c7f00000, 0x00000006c8000000|  0%| F|  |TS  0|AC  0|TAMS 0x00000006c7f00000, 0x00000006c7f00000|
|  98|0x00000006c8000000, 0x00000006c8000000, 0x00000006c8100000|  0%| F|  |TS  0|AC  0|TAMS 0x00000006c8000000, 0x00000006c8000000|
|  99|0x00000006c8100000, 0x00000006c8100000, 0x00000006c8200000|  0%| F|  |TS  0|AC  0|TAMS 0x00000006c8100000, 0x00000006c8100000|
| 100|0x00000006c8200000, 0x00000006c8200000, 0x00000006c8300000|  0%| F|  |TS  0|AC  0|TAMS 0x00000006c8200000, 0x00000006c8200000|
| 101|0x00000006c8300000, 0x00000006c8300000, 0x00000006c8400000|  0%| F|  |TS  0|AC  0|TAMS 0x00000006c8300000, 0x00000006c8300000|
| 102|0x00000006c8400000, 0x00000006c8400000, 0x00000006c8500000|  0%| F|  |TS  0|AC  0|TAMS 0x00000006c8400000, 0x00000006c8400000|
| 103|0x00000006c8500000, 0x00000006c8500000, 0x00000006c8600000|  0%| F|  |TS  0|AC  0|TAMS 0x00000006c8500000, 0x00000006c8500000|
| 104|0x00000006c8600000, 0x00000006c8600000, 0x00000006c8700000|  0%| F|  |TS  0|AC  0|TAMS 0x00000006c8600000, 0x00000006c8600000|
| 105|0x00000006c8700000, 0x00000006c8700000, 0x00000006c8800000|  0%| F|  |TS  0|AC  0|TAMS 0x00000006c8700000, 0x00000006c8700000|
| 106|0x00000006c8800000, 0x00000006c8800000, 0x00000006c8900000|  0%| F|  |TS  0|AC  0|TAMS 0x00000006c8800000, 0x00000006c8800000|
| 107|0x00000006c8900000, 0x00000006c8900000, 0x00000006c8a00000|  0%| F|  |TS  0|AC  0|TAMS 0x00000006c8900000, 0x00000006c8900000|
| 108|0x00000006c8a00000, 0x00000006c8a00000, 0x00000006c8b00000|  0%| F|  |TS  0|AC  0|TAMS 0x00000006c8a00000, 0x00000006c8a00000|
| 109|0x00000006c8b00000, 0x00000006c8b00000, 0x00000006c8c00000|  0%| F|  |TS  0|AC  0|TAMS 0x00000006c8b00000, 0x00000006c8b00000|
| 110|0x00000006c8c00000, 0x00000006c8c00000, 0x00000006c8d00000|  0%| F|  |TS  0|AC  0|TAMS 0x00000006c8c00000, 0x00000006c8c00000|
| 111|0x00000006c8d00000, 0x00000006c8d00000, 0x00000006c8e00000|  0%| F|  |TS  0|AC  0|TAMS 0x00000006c8d00000, 0x00000006c8d00000|
| 112|0x00000006c8e00000, 0x00000006c8e00000, 0x00000006c8f00000|  0%| F|  |TS  0|AC  0|TAMS 0x00000006c8e00000, 0x00000006c8e00000|
| 113|0x00000006c8f00000, 0x00000006c8f00000, 0x00000006c9000000|  0%| F|  |TS  0|AC  0|TAMS 0x00000006c8f00000, 0x00000006c8f00000|
| 114|0x00000006c9000000, 0x00000006c9000000, 0x00000006c9100000|  0%| F|  |TS  0|AC  0|TAMS 0x00000006c9000000, 0x00000006c9000000|
| 115|0x00000006c9100000, 0x00000006c9100000, 0x00000006c9200000|  0%| F|  |TS  0|AC  0|TAMS 0x00000006c9100000, 0x00000006c9100000|
| 116|0x00000006c9200000, 0x00000006c9200000, 0x00000006c9300000|  0%| F|  |TS  0|AC  0|TAMS 0x00000006c9200000, 0x00000006c9200000|
| 117|0x00000006c9300000, 0x00000006c9300000, 0x00000006c9400000|  0%| F|  |TS  0|AC  0|TAMS 0x00000006c9300000, 0x00000006c9300000|
| 118|0x00000006c9400000, 0x00000006c9400000, 0x00000006c9500000|  0%| F|  |TS  0|AC  0|TAMS 0x00000006c9400000, 0x00000006c9400000|
| 119|0x00000006c9500000, 0x00000006c9500000, 0x00000006c9600000|  0%| F|  |TS  0|AC  0|TAMS 0x00000006c9500000, 0x00000006c9500000|
| 120|0x00000006c9600000, 0x00000006c9600000, 0x00000006c9700000|  0%| F|  |TS  0|AC  0|TAMS 0x00000006c9600000, 0x00000006c9600000|
| 121|0x00000006c9700000, 0x00000006c9700000, 0x00000006c9800000|  0%| F|  |TS  0|AC  0|TAMS 0x00000006c9700000, 0x00000006c9700000|
| 122|0x00000006c9800000, 0x00000006c9800000, 0x00000006c9900000|  0%| F|  |TS  0|AC  0|TAMS 0x00000006c9800000, 0x00000006c9800000|
| 123|0x00000006c9900000, 0x00000006c9900000, 0x00000006c9a00000|  0%| F|  |TS  0|AC  0|TAMS 0x00000006c9900000, 0x00000006c9900000|
| 124|0x00000006c9a00000, 0x00000006c9a00000, 0x00000006c9b00000|  0%| F|  |TS  0|AC  0|TAMS 0x00000006c9a00000, 0x00000006c9a00000|
| 125|0x00000006c9b00000, 0x00000006c9b00000, 0x00000006c9c00000|  0%| F|  |TS  0|AC  0|TAMS 0x00000006c9b00000, 0x00000006c9b00000|
| 126|0x00000006c9c00000, 0x00000006c9c00000, 0x00000006c9d00000|  0%| F|  |TS  0|AC  0|TAMS 0x00000006c9c00000, 0x00000006c9c00000|
| 127|0x00000006c9d00000, 0x00000006c9d00000, 0x00000006c9e00000|  0%| F|  |TS  0|AC  0|TAMS 0x00000006c9d00000, 0x00000006c9d00000|
| 128|0x00000006c9e00000, 0x00000006c9e00000, 0x00000006c9f00000|  0%| F|  |TS  0|AC  0|TAMS 0x00000006c9e00000, 0x00000006c9e00000|
| 129|0x00000006c9f00000, 0x00000006c9f00000, 0x00000006ca000000|  0%| F|  |TS  0|AC  0|TAMS 0x00000006c9f00000, 0x00000006c9f00000|
| 130|0x00000006ca000000, 0x00000006ca000000, 0x00000006ca100000|  0%| F|  |TS  0|AC  0|TAMS 0x00000006ca000000, 0x00000006ca000000|
| 131|0x00000006ca100000, 0x00000006ca100000, 0x00000006ca200000|  0%| F|  |TS  0|AC  0|TAMS 0x00000006ca100000, 0x00000006ca100000|
| 132|0x00000006ca200000, 0x00000006ca200000, 0x00000006ca300000|  0%| F|  |TS  0|AC  0|TAMS 0x00000006ca200000, 0x00000006ca200000|
| 133|0x00000006ca300000, 0x00000006ca300000, 0x00000006ca400000|  0%| F|  |TS  0|AC  0|TAMS 0x00000006ca300000, 0x00000006ca300000|
| 134|0x00000006ca400000, 0x00000006ca400000, 0x00000006ca500000|  0%| F|  |TS  0|AC  0|TAMS 0x00000006ca400000, 0x00000006ca400000|
| 135|0x00000006ca500000, 0x00000006ca500000, 0x00000006ca600000|  0%| F|  |TS  0|AC  0|TAMS 0x00000006ca500000, 0x00000006ca500000|
| 136|0x00000006ca600000, 0x00000006ca600000, 0x00000006ca700000|  0%| F|  |TS  0|AC  0|TAMS 0x00000006ca600000, 0x00000006ca600000|
| 137|0x00000006ca700000, 0x00000006ca700000, 0x00000006ca800000|  0%| F|  |TS  0|AC  0|TAMS 0x00000006ca700000, 0x00000006ca700000|
| 138|0x00000006ca800000, 0x00000006ca800000, 0x00000006ca900000|  0%| F|  |TS  0|AC  0|TAMS 0x00000006ca800000, 0x00000006ca800000|
| 139|0x00000006ca900000, 0x00000006ca900000, 0x00000006caa00000|  0%| F|  |TS  0|AC  0|TAMS 0x00000006ca900000, 0x00000006ca900000|
| 140|0x00000006caa00000, 0x00000006caa00000, 0x00000006cab00000|  0%| F|  |TS  0|AC  0|TAMS 0x00000006caa00000, 0x00000006caa00000|
| 141|0x00000006cab00000, 0x00000006cab00000, 0x00000006cac00000|  0%| F|  |TS  0|AC  0|TAMS 0x00000006cab00000, 0x00000006cab00000|
| 142|0x00000006cac00000, 0x00000006cac00000, 0x00000006cad00000|  0%| F|  |TS  0|AC  0|TAMS 0x00000006cac00000, 0x00000006cac00000|
| 143|0x00000006cad00000, 0x00000006cad00000, 0x00000006cae00000|  0%| F|  |TS  0|AC  0|TAMS 0x00000006cad00000, 0x00000006cad00000|
| 144|0x00000006cae00000, 0x00000006cae00000, 0x00000006caf00000|  0%| F|  |TS  0|AC  0|TAMS 0x00000006cae00000, 0x00000006cae00000|
| 145|0x00000006caf00000, 0x00000006caf00000, 0x00000006cb000000|  0%| F|  |TS  0|AC  0|TAMS 0x00000006caf00000, 0x00000006caf00000|
| 146|0x00000006cb000000, 0x00000006cb000000, 0x00000006cb100000|  0%| F|  |TS  0|AC  0|TAMS 0x00000006cb000000, 0x00000006cb000000|
| 147|0x00000006cb100000, 0x00000006cb100000, 0x00000006cb200000|  0%| F|  |TS  0|AC  0|TAMS 0x00000006cb100000, 0x00000006cb100000|
| 148|0x00000006cb200000, 0x00000006cb200000, 0x00000006cb300000|  0%| F|  |TS  0|AC  0|TAMS 0x00000006cb200000, 0x00000006cb200000|
| 149|0x00000006cb300000, 0x00000006cb300000, 0x00000006cb400000|  0%| F|  |TS  0|AC  0|TAMS 0x00000006cb300000, 0x00000006cb300000|
| 150|0x00000006cb400000, 0x00000006cb400000, 0x00000006cb500000|  0%| F|  |TS  0|AC  0|TAMS 0x00000006cb400000, 0x00000006cb400000|
| 151|0x00000006cb500000, 0x00000006cb500000, 0x00000006cb600000|  0%| F|  |TS  0|AC  0|TAMS 0x00000006cb500000, 0x00000006cb500000|
| 152|0x00000006cb600000, 0x00000006cb600000, 0x00000006cb700000|  0%| F|  |TS  0|AC  0|TAMS 0x00000006cb600000, 0x00000006cb600000|
| 153|0x00000006cb700000, 0x00000006cb700000, 0x00000006cb800000|  0%| F|  |TS  0|AC  0|TAMS 0x00000006cb700000, 0x00000006cb700000|
| 154|0x00000006cb800000, 0x00000006cb800000, 0x00000006cb900000|  0%| F|  |TS  0|AC  0|TAMS 0x00000006cb800000, 0x00000006cb800000|
| 155|0x00000006cb900000, 0x00000006cb900000, 0x00000006cba00000|  0%| F|  |TS  0|AC  0|TAMS 0x00000006cb900000, 0x00000006cb900000|
| 156|0x00000006cba00000, 0x00000006cba00000, 0x00000006cbb00000|  0%| F|  |TS  0|AC  0|TAMS 0x00000006cba00000, 0x00000006cba00000|
| 157|0x00000006cbb00000, 0x00000006cbb00000, 0x00000006cbc00000|  0%| F|  |TS  0|AC  0|TAMS 0x00000006cbb00000, 0x00000006cbb00000|
| 158|0x00000006cbc00000, 0x00000006cbc00000, 0x00000006cbd00000|  0%| F|  |TS  0|AC  0|TAMS 0x00000006cbc00000, 0x00000006cbc00000|
| 159|0x00000006cbd00000, 0x00000006cbd00000, 0x00000006cbe00000|  0%| F|  |TS  0|AC  0|TAMS 0x00000006cbd00000, 0x00000006cbd00000|
| 160|0x00000006cbe00000, 0x00000006cbe00000, 0x00000006cbf00000|  0%| F|  |TS  0|AC  0|TAMS 0x00000006cbe00000, 0x00000006cbe00000|
| 161|0x00000006cbf00000, 0x00000006cbf00000, 0x00000006cc000000|  0%| F|  |TS  0|AC  0|TAMS 0x00000006cbf00000, 0x00000006cbf00000|
| 162|0x00000006cc000000, 0x00000006cc000000, 0x00000006cc100000|  0%| F|  |TS  0|AC  0|TAMS 0x00000006cc000000, 0x00000006cc000000|
| 163|0x00000006cc100000, 0x00000006cc100000, 0x00000006cc200000|  0%| F|  |TS  0|AC  0|TAMS 0x00000006cc100000, 0x00000006cc100000|
| 164|0x00000006cc200000, 0x00000006cc200000, 0x00000006cc300000|  0%| F|  |TS  0|AC  0|TAMS 0x00000006cc200000, 0x00000006cc200000|
| 165|0x00000006cc300000, 0x00000006cc300000, 0x00000006cc400000|  0%| F|  |TS  0|AC  0|TAMS 0x00000006cc300000, 0x00000006cc300000|
| 166|0x00000006cc400000, 0x00000006cc400000, 0x00000006cc500000|  0%| F|  |TS  0|AC  0|TAMS 0x00000006cc400000, 0x00000006cc400000|
| 167|0x00000006cc500000, 0x00000006cc500000, 0x00000006cc600000|  0%| F|  |TS  0|AC  0|TAMS 0x00000006cc500000, 0x00000006cc500000|
| 168|0x00000006cc600000, 0x00000006cc600000, 0x00000006cc700000|  0%| F|  |TS  0|AC  0|TAMS 0x00000006cc600000, 0x00000006cc600000|
| 169|0x00000006cc700000, 0x00000006cc700000, 0x00000006cc800000|  0%| F|  |TS  0|AC  0|TAMS 0x00000006cc700000, 0x00000006cc700000|
| 170|0x00000006cc800000, 0x00000006cc800000, 0x00000006cc900000|  0%| F|  |TS  0|AC  0|TAMS 0x00000006cc800000, 0x00000006cc800000|
| 171|0x00000006cc900000, 0x00000006cc900000, 0x00000006cca00000|  0%| F|  |TS  0|AC  0|TAMS 0x00000006cc900000, 0x00000006cc900000|
| 172|0x00000006cca00000, 0x00000006cca00000, 0x00000006ccb00000|  0%| F|  |TS  0|AC  0|TAMS 0x00000006cca00000, 0x00000006cca00000|
| 173|0x00000006ccb00000, 0x00000006ccb00000, 0x00000006ccc00000|  0%| F|  |TS  0|AC  0|TAMS 0x00000006ccb00000, 0x00000006ccb00000|
| 174|0x00000006ccc00000, 0x00000006ccc00000, 0x00000006ccd00000|  0%| F|  |TS  0|AC  0|TAMS 0x00000006ccc00000, 0x00000006ccc00000|
| 175|0x00000006ccd00000, 0x00000006ccd00000, 0x00000006cce00000|  0%| F|  |TS  0|AC  0|TAMS 0x00000006ccd00000, 0x00000006ccd00000|
| 176|0x00000006cce00000, 0x00000006cce00000, 0x00000006ccf00000|  0%| F|  |TS  0|AC  0|TAMS 0x00000006cce00000, 0x00000006cce00000|
| 177|0x00000006ccf00000, 0x00000006ccf00000, 0x00000006cd000000|  0%| F|  |TS  0|AC  0|TAMS 0x00000006ccf00000, 0x00000006ccf00000|
| 178|0x00000006cd000000, 0x00000006cd000000, 0x00000006cd100000|  0%| F|  |TS  0|AC  0|TAMS 0x00000006cd000000, 0x00000006cd000000|
| 179|0x00000006cd100000, 0x00000006cd100000, 0x00000006cd200000|  0%| F|  |TS  0|AC  0|TAMS 0x00000006cd100000, 0x00000006cd100000|
| 180|0x00000006cd200000, 0x00000006cd200000, 0x00000006cd300000|  0%| F|  |TS  0|AC  0|TAMS 0x00000006cd200000, 0x00000006cd200000|
| 181|0x00000006cd300000, 0x00000006cd300000, 0x00000006cd400000|  0%| F|  |TS  0|AC  0|TAMS 0x00000006cd300000, 0x00000006cd300000|
| 182|0x00000006cd400000, 0x00000006cd400000, 0x00000006cd500000|  0%| F|  |TS  0|AC  0|TAMS 0x00000006cd400000, 0x00000006cd400000|
| 183|0x00000006cd500000, 0x00000006cd500000, 0x00000006cd600000|  0%| F|  |TS  0|AC  0|TAMS 0x00000006cd500000, 0x00000006cd500000|
| 184|0x00000006cd600000, 0x00000006cd600000, 0x00000006cd700000|  0%| F|  |TS  0|AC  0|TAMS 0x00000006cd600000, 0x00000006cd600000|
| 185|0x00000006cd700000, 0x00000006cd700000, 0x00000006cd800000|  0%| F|  |TS  0|AC  0|TAMS 0x00000006cd700000, 0x00000006cd700000|
| 186|0x00000006cd800000, 0x00000006cd800000, 0x00000006cd900000|  0%| F|  |TS  0|AC  0|TAMS 0x00000006cd800000, 0x00000006cd800000|
| 187|0x00000006cd900000, 0x00000006cd900000, 0x00000006cda00000|  0%| F|  |TS  0|AC  0|TAMS 0x00000006cd900000, 0x00000006cd900000|
| 188|0x00000006cda00000, 0x00000006cda00000, 0x00000006cdb00000|  0%| F|  |TS  0|AC  0|TAMS 0x00000006cda00000, 0x00000006cda00000|
| 189|0x00000006cdb00000, 0x00000006cdb00000, 0x00000006cdc00000|  0%| F|  |TS  0|AC  0|TAMS 0x00000006cdb00000, 0x00000006cdb00000|
| 190|0x00000006cdc00000, 0x00000006cdc00000, 0x00000006cdd00000|  0%| F|  |TS  0|AC  0|TAMS 0x00000006cdc00000, 0x00000006cdc00000|
| 191|0x00000006cdd00000, 0x00000006cdd00000, 0x00000006cde00000|  0%| F|  |TS  0|AC  0|TAMS 0x00000006cdd00000, 0x00000006cdd00000|
| 192|0x00000006cde00000, 0x00000006cde00000, 0x00000006cdf00000|  0%| F|  |TS  0|AC  0|TAMS 0x00000006cde00000, 0x00000006cde00000|
| 193|0x00000006cdf00000, 0x00000006cdf00000, 0x00000006ce000000|  0%| F|  |TS  0|AC  0|TAMS 0x00000006cdf00000, 0x00000006cdf00000|
| 194|0x00000006ce000000, 0x00000006ce000000, 0x00000006ce100000|  0%| F|  |TS  0|AC  0|TAMS 0x00000006ce000000, 0x00000006ce000000|
| 195|0x00000006ce100000, 0x00000006ce100000, 0x00000006ce200000|  0%| F|  |TS  0|AC  0|TAMS 0x00000006ce100000, 0x00000006ce100000|
| 196|0x00000006ce200000, 0x00000006ce200000, 0x00000006ce300000|  0%| F|  |TS  0|AC  0|TAMS 0x00000006ce200000, 0x00000006ce200000|
| 197|0x00000006ce300000, 0x00000006ce300000, 0x00000006ce400000|  0%| F|  |TS  0|AC  0|TAMS 0x00000006ce300000, 0x00000006ce300000|
| 198|0x00000006ce400000, 0x00000006ce400000, 0x00000006ce500000|  0%| F|  |TS  0|AC  0|TAMS 0x00000006ce400000, 0x00000006ce400000|
| 199|0x00000006ce500000, 0x00000006ce500000, 0x00000006ce600000|  0%| F|  |TS  0|AC  0|TAMS 0x00000006ce500000, 0x00000006ce500000|
| 200|0x00000006ce600000, 0x00000006ce600000, 0x00000006ce700000|  0%| F|  |TS  0|AC  0|TAMS 0x00000006ce600000, 0x00000006ce600000|
| 201|0x00000006ce700000, 0x00000006ce700000, 0x00000006ce800000|  0%| F|  |TS  0|AC  0|TAMS 0x00000006ce700000, 0x00000006ce700000|
| 202|0x00000006ce800000, 0x00000006ce800000, 0x00000006ce900000|  0%| F|  |TS  0|AC  0|TAMS 0x00000006ce800000, 0x00000006ce800000|
| 203|0x00000006ce900000, 0x00000006ce900000, 0x00000006cea00000|  0%| F|  |TS  0|AC  0|TAMS 0x00000006ce900000, 0x00000006ce900000|
| 204|0x00000006cea00000, 0x00000006cea00000, 0x00000006ceb00000|  0%| F|  |TS  0|AC  0|TAMS 0x00000006cea00000, 0x00000006cea00000|
| 205|0x00000006ceb00000, 0x00000006ceb00000, 0x00000006cec00000|  0%| F|  |TS  0|AC  0|TAMS 0x00000006ceb00000, 0x00000006ceb00000|
| 206|0x00000006cec00000, 0x00000006cec00000, 0x00000006ced00000|  0%| F|  |TS  0|AC  0|TAMS 0x00000006cec00000, 0x00000006cec00000|
| 207|0x00000006ced00000, 0x00000006ced00000, 0x00000006cee00000|  0%| F|  |TS  0|AC  0|TAMS 0x00000006ced00000, 0x00000006ced00000|
| 208|0x00000006cee00000, 0x00000006cee00000, 0x00000006cef00000|  0%| F|  |TS  0|AC  0|TAMS 0x00000006cee00000, 0x00000006cee00000|
| 209|0x00000006cef00000, 0x00000006cef00000, 0x00000006cf000000|  0%| F|  |TS  0|AC  0|TAMS 0x00000006cef00000, 0x00000006cef00000|
| 210|0x00000006cf000000, 0x00000006cf000000, 0x00000006cf100000|  0%| F|  |TS  0|AC  0|TAMS 0x00000006cf000000, 0x00000006cf000000|
| 211|0x00000006cf100000, 0x00000006cf100000, 0x00000006cf200000|  0%| F|  |TS  0|AC  0|TAMS 0x00000006cf100000, 0x00000006cf100000|
| 212|0x00000006cf200000, 0x00000006cf200000, 0x00000006cf300000|  0%| F|  |TS  0|AC  0|TAMS 0x00000006cf200000, 0x00000006cf200000|
| 213|0x00000006cf300000, 0x00000006cf300000, 0x00000006cf400000|  0%| F|  |TS  0|AC  0|TAMS 0x00000006cf300000, 0x00000006cf300000|
| 214|0x00000006cf400000, 0x00000006cf400000, 0x00000006cf500000|  0%| F|  |TS  0|AC  0|TAMS 0x00000006cf400000, 0x00000006cf400000|
| 215|0x00000006cf500000, 0x00000006cf500000, 0x00000006cf600000|  0%| F|  |TS  0|AC  0|TAMS 0x00000006cf500000, 0x00000006cf500000|
| 216|0x00000006cf600000, 0x00000006cf600000, 0x00000006cf700000|  0%| F|  |TS  0|AC  0|TAMS 0x00000006cf600000, 0x00000006cf600000|
| 217|0x00000006cf700000, 0x00000006cf700000, 0x00000006cf800000|  0%| F|  |TS  0|AC  0|TAMS 0x00000006cf700000, 0x00000006cf700000|
| 218|0x00000006cf800000, 0x00000006cf800000, 0x00000006cf900000|  0%| F|  |TS  0|AC  0|TAMS 0x00000006cf800000, 0x00000006cf800000|
| 219|0x00000006cf900000, 0x00000006cf900000, 0x00000006cfa00000|  0%| F|  |TS  0|AC  0|TAMS 0x00000006cf900000, 0x00000006cf900000|
| 220|0x00000006cfa00000, 0x00000006cfa00000, 0x00000006cfb00000|  0%| F|  |TS  0|AC  0|TAMS 0x00000006cfa00000, 0x00000006cfa00000|
| 221|0x00000006cfb00000, 0x00000006cfb00000, 0x00000006cfc00000|  0%| F|  |TS  0|AC  0|TAMS 0x00000006cfb00000, 0x00000006cfb00000|
| 222|0x00000006cfc00000, 0x00000006cfc00000, 0x00000006cfd00000|  0%| F|  |TS  0|AC  0|TAMS 0x00000006cfc00000, 0x00000006cfc00000|
| 223|0x00000006cfd00000, 0x00000006cfd00000, 0x00000006cfe00000|  0%| F|  |TS  0|AC  0|TAMS 0x00000006cfd00000, 0x00000006cfd00000|
| 224|0x00000006cfe00000, 0x00000006cfe00000, 0x00000006cff00000|  0%| F|  |TS  0|AC  0|TAMS 0x00000006cfe00000, 0x00000006cfe00000|
| 225|0x00000006cff00000, 0x00000006cff00000, 0x00000006d0000000|  0%| F|  |TS  0|AC  0|TAMS 0x00000006cff00000, 0x00000006cff00000|
| 226|0x00000006d0000000, 0x00000006d0000000, 0x00000006d0100000|  0%| F|  |TS  0|AC  0|TAMS 0x00000006d0000000, 0x00000006d0000000|
| 227|0x00000006d0100000, 0x00000006d0100000, 0x00000006d0200000|  0%| F|  |TS  0|AC  0|TAMS 0x00000006d0100000, 0x00000006d0100000|
| 228|0x00000006d0200000, 0x00000006d0200000, 0x00000006d0300000|  0%| F|  |TS  0|AC  0|TAMS 0x00000006d0200000, 0x00000006d0200000|
| 229|0x00000006d0300000, 0x00000006d0300000, 0x00000006d0400000|  0%| F|  |TS  0|AC  0|TAMS 0x00000006d0300000, 0x00000006d0300000|
| 230|0x00000006d0400000, 0x00000006d0400000, 0x00000006d0500000|  0%| F|  |TS  0|AC  0|TAMS 0x00000006d0400000, 0x00000006d0400000|
| 231|0x00000006d0500000, 0x00000006d0500000, 0x00000006d0600000|  0%| F|  |TS  0|AC  0|TAMS 0x00000006d0500000, 0x00000006d0500000|
| 232|0x00000006d0600000, 0x00000006d06f8f20, 0x00000006d0700000| 97%| S|CS|TS  0|AC  0|TAMS 0x00000006d0600000, 0x00000006d0600000|
| 233|0x00000006d0700000, 0x00000006d0800000, 0x00000006d0800000|100%| S|CS|TS  0|AC  0|TAMS 0x00000006d0700000, 0x00000006d0700000|
| 234|0x00000006d0800000, 0x00000006d0800000, 0x00000006d0900000|  0%| F|  |TS  0|AC  0|TAMS 0x00000006d0800000, 0x00000006d0800000|
| 235|0x00000006d0900000, 0x00000006d0900000, 0x00000006d0a00000|  0%| F|  |TS  0|AC  0|TAMS 0x00000006d0900000, 0x00000006d0900000|
| 236|0x00000006d0a00000, 0x00000006d0a00000, 0x00000006d0b00000|  0%| F|  |TS  0|AC  0|TAMS 0x00000006d0a00000, 0x00000006d0a00000|
| 237|0x00000006d0b00000, 0x00000006d0c00000, 0x00000006d0c00000|100%| S|CS|TS  0|AC  0|TAMS 0x00000006d0b00000, 0x00000006d0b00000|
| 238|0x00000006d0c00000, 0x00000006d0d00000, 0x00000006d0d00000|100%| S|CS|TS  0|AC  0|TAMS 0x00000006d0c00000, 0x00000006d0c00000|
| 239|0x00000006d0d00000, 0x00000006d0e00000, 0x00000006d0e00000|100%| S|CS|TS  0|AC  0|TAMS 0x00000006d0d00000, 0x00000006d0d00000|
| 240|0x00000006d0e00000, 0x00000006d0e00000, 0x00000006d0f00000|  0%| F|  |TS  0|AC  0|TAMS 0x00000006d0e00000, 0x00000006d0e00000|
| 241|0x00000006d0f00000, 0x00000006d0f00000, 0x00000006d1000000|  0%| F|  |TS  0|AC  0|TAMS 0x00000006d0f00000, 0x00000006d0f00000|
| 242|0x00000006d1000000, 0x00000006d1000000, 0x00000006d1100000|  0%| F|  |TS  0|AC  0|TAMS 0x00000006d1000000, 0x00000006d1000000|
| 243|0x00000006d1100000, 0x00000006d1100000, 0x00000006d1200000|  0%| F|  |TS  0|AC  0|TAMS 0x00000006d1100000, 0x00000006d1100000|
| 244|0x00000006d1200000, 0x00000006d12808d0, 0x00000006d1300000| 50%| E|  |TS  0|AC  0|TAMS 0x00000006d1200000, 0x00000006d1200000|
| 245|0x00000006d1300000, 0x00000006d1400000, 0x00000006d1400000|100%| E|CS|TS  0|AC  0|TAMS 0x00000006d1300000, 0x00000006d1300000|
| 246|0x00000006d1400000, 0x00000006d1500000, 0x00000006d1500000|100%| E|CS|TS  0|AC  0|TAMS 0x00000006d1400000, 0x00000006d1400000|
| 247|0x00000006d1500000, 0x00000006d1600000, 0x00000006d1600000|100%| E|CS|TS  0|AC  0|TAMS 0x00000006d1500000, 0x00000006d1500000|
| 248|0x00000006d1600000, 0x00000006d1700000, 0x00000006d1700000|100%| E|CS|TS  0|AC  0|TAMS 0x00000006d1600000, 0x00000006d1600000|
| 249|0x00000006d1700000, 0x00000006d1800000, 0x00000006d1800000|100%| E|CS|TS  0|AC  0|TAMS 0x00000006d1700000, 0x00000006d1700000|
| 250|0x00000006d1800000, 0x00000006d1900000, 0x00000006d1900000|100%| E|CS|TS  0|AC  0|TAMS 0x00000006d1800000, 0x00000006d1800000|
| 251|0x00000006d1900000, 0x00000006d1a00000, 0x00000006d1a00000|100%| E|CS|TS  0|AC  0|TAMS 0x00000006d1900000, 0x00000006d1900000|
| 252|0x00000006d1a00000, 0x00000006d1b00000, 0x00000006d1b00000|100%| E|CS|TS  0|AC  0|TAMS 0x00000006d1a00000, 0x00000006d1a00000|
| 253|0x00000006d1b00000, 0x00000006d1c00000, 0x00000006d1c00000|100%| E|CS|TS  0|AC  0|TAMS 0x00000006d1b00000, 0x00000006d1b00000|
| 254|0x00000006d1c00000, 0x00000006d1d00000, 0x00000006d1d00000|100%| E|CS|TS  0|AC  0|TAMS 0x00000006d1c00000, 0x00000006d1c00000|
| 255|0x00000006d1d00000, 0x00000006d1e00000, 0x00000006d1e00000|100%| E|CS|TS  0|AC  0|TAMS 0x00000006d1d00000, 0x00000006d1d00000|

Card table byte_map: [0x000002acd0c60000,0x000002acd1460000] byte_map_base: 0x000002accd651000

Marking Bits (Prev, Next): (CMBitMap*) 0x000002acd9c08228, (CMBitMap*) 0x000002acd9c081f0
 Prev Bits: [0x000002acd5bf0000, 0x000002acd9b78000)
 Next Bits: [0x000002acd1c60000, 0x000002acd5be8000)

Polling page: 0x000002acb5bf0000

CodeHeap 'non-profiled nmethods': size=120000Kb used=1056Kb max_used=1056Kb free=118943Kb
 bounds [0x000002acc7cb0000, 0x000002acc7f20000, 0x000002accf1e0000]
CodeHeap 'profiled nmethods': size=120000Kb used=4591Kb max_used=4591Kb free=115408Kb
 bounds [0x000002acc0780000, 0x000002acc0c00000, 0x000002acc7cb0000]
CodeHeap 'non-nmethods': size=5760Kb used=1293Kb max_used=1326Kb free=4466Kb
 bounds [0x000002acc01e0000, 0x000002acc0450000, 0x000002acc0780000]
 total_blobs=3107 nmethods=2147 adapters=402
 compilation: enabled

Compilation events (10 events):
Event: 17.177 Thread 0x000002acdd01a000 2144       4       java.util.AbstractCollection::<init> (5 bytes)
Event: 17.177 Thread 0x000002acdd01a000 nmethod 2144 0x000002acc7db7c90 code [0x000002acc7db7e20, 0x000002acc7db7e78]
Event: 17.178 Thread 0x000002acdd01b800 nmethod 2143 0x000002acc7db7f10 code [0x000002acc7db80a0, 0x000002acc7db8138]
Event: 17.178 Thread 0x000002acdd02b000 nmethod 2141 0x000002acc0bf8e10 code [0x000002acc0bf90a0, 0x000002acc0bfa290]
Event: 17.178 Thread 0x000002acdd02b000 2147   !   3       com.google.gson.internal.LinkedTreeMap::findByObject (18 bytes)
Event: 17.178 Thread 0x000002acdd02b000 nmethod 2147 0x000002acc0bfa790 code [0x000002acc0bfa960, 0x000002acc0bfac10]
Event: 17.178 Thread 0x000002acdd02b000 2145       3       com.google.common.collect.Maps$EntrySet::<init> (5 bytes)
Event: 17.179 Thread 0x000002acdd02b000 nmethod 2145 0x000002acc0bfad10 code [0x000002acc0bfaee0, 0x000002acc0bfb1b8]
Event: 17.179 Thread 0x000002acdd02b000 2142       3       java.lang.invoke.VarHandleInts$FieldInstanceReadWrite::compareAndSet (24 bytes)
Event: 17.179 Thread 0x000002acdd02b000 nmethod 2142 0x000002acc0bfb310 code [0x000002acc0bfb520, 0x000002acc0bfbb30]

GC Heap History (6 events):
Event: 0.895 GC heap before
{Heap before GC invocations=0 (full 0):
 garbage-first heap   total 262144K, used 25600K [0x00000006c1e00000, 0x00000006c1f00800, 0x00000007c0000000)
  region size 1024K, 24 young (24576K), 0 survivors (0K)
 Metaspace       used 13447K, capacity 13970K, committed 14208K, reserved 1062912K
  class space    used 1489K, capacity 1607K, committed 1664K, reserved 1048576K
}
Event: 0.901 GC heap after
{Heap after GC invocations=1 (full 0):
 garbage-first heap   total 262144K, used 7959K [0x00000006c1e00000, 0x00000006c1f00800, 0x00000007c0000000)
  region size 1024K, 3 young (3072K), 3 survivors (3072K)
 Metaspace       used 13447K, capacity 13970K, committed 14208K, reserved 1062912K
  class space    used 1489K, capacity 1607K, committed 1664K, reserved 1048576K
}
Event: 1.218 GC heap before
{Heap before GC invocations=1 (full 0):
 garbage-first heap   total 262144K, used 27415K [0x00000006c1e00000, 0x00000006c1f00800, 0x00000007c0000000)
  region size 1024K, 22 young (22528K), 3 survivors (3072K)
 Metaspace       used 17230K, capacity 17770K, committed 18048K, reserved 1064960K
  class space    used 1981K, capacity 2115K, committed 2176K, reserved 1048576K
}
Event: 1.225 GC heap after
{Heap after GC invocations=2 (full 0):
 garbage-first heap   total 262144K, used 11837K [0x00000006c1e00000, 0x00000006c1f00800, 0x00000007c0000000)
  region size 1024K, 3 young (3072K), 3 survivors (3072K)
 Metaspace       used 17230K, capacity 17770K, committed 18048K, reserved 1064960K
  class space    used 1981K, capacity 2115K, committed 2176K, reserved 1048576K
}
Event: 2.003 GC heap before
{Heap before GC invocations=2 (full 0):
 garbage-first heap   total 262144K, used 27197K [0x00000006c1e00000, 0x00000006c1f00800, 0x00000007c0000000)
  region size 1024K, 19 young (19456K), 3 survivors (3072K)
 Metaspace       used 20388K, capacity 21146K, committed 21296K, reserved 1069056K
  class space    used 2464K, capacity 2625K, committed 2688K, reserved 1048576K
}
Event: 2.007 GC heap after
{Heap after GC invocations=3 (full 0):
 garbage-first heap   total 262144K, used 13856K [0x00000006c1e00000, 0x00000006c1f00800, 0x00000007c0000000)
  region size 1024K, 5 young (5120K), 5 survivors (5120K)
 Metaspace       used 20388K, capacity 21146K, committed 21296K, reserved 1069056K
  class space    used 2464K, capacity 2625K, committed 2688K, reserved 1048576K
}

Deoptimization events (10 events):
Event: 1.185 Thread 0x000002acb7d16000 Uncommon trap: reason=unstable_if action=reinterpret pc=0x000002acc7d2df70 method=java.util.concurrent.ConcurrentHashMap.putVal(Ljava/lang/Object;Ljava/lang/Object;Z)Ljava/lang/Object; @ 245 c2
Event: 1.185 Thread 0x000002acb7d16000 Uncommon trap: reason=unstable_if action=reinterpret pc=0x000002acc7cb8704 method=java.lang.String.hashCode()I @ 22 c2
Event: 1.274 Thread 0x000002acb7d16000 Uncommon trap: reason=unstable_if action=reinterpret pc=0x000002acc7d4aa14 method=java.io.ByteArrayInputStream.read([BII)I @ 63 c2
Event: 1.287 Thread 0x000002acb7d16000 Uncommon trap: reason=unstable_if action=reinterpret pc=0x000002acc7d21348 method=java.lang.String.replace(CC)Ljava/lang/String; @ 2 c2
Event: 1.296 Thread 0x000002acb7d16000 Uncommon trap: reason=unstable_if action=reinterpret pc=0x000002acc7d26114 method=jdk.internal.org.objectweb.asm.Type.getArgumentsAndReturnSizes(Ljava/lang/String;)I @ 88 c2
Event: 1.312 Thread 0x000002acdecaa000 Uncommon trap: reason=unstable_if action=reinterpret pc=0x000002acc7d34ab4 method=java.lang.CharacterDataLatin1.digit(II)I @ 82 c2
Event: 1.823 Thread 0x000002acdecaa000 Uncommon trap: reason=unstable_if action=reinterpret pc=0x000002acc7d34688 method=java.lang.CharacterDataLatin1.digit(II)I @ 82 c2
Event: 1.943 Thread 0x000002acb7d16000 Uncommon trap: reason=unstable_if action=reinterpret pc=0x000002acc7d7343c method=java.util.regex.Pattern$BmpCharProperty.match(Ljava/util/regex/Matcher;ILjava/lang/CharSequence;)Z @ 5 c2
Event: 2.048 Thread 0x000002acb7d16000 Uncommon trap: reason=unstable_if action=reinterpret pc=0x000002acc7d59904 method=java.util.concurrent.ConcurrentHashMap.putVal(Ljava/lang/Object;Ljava/lang/Object;Z)Ljava/lang/Object; @ 231 c2
Event: 3.483 Thread 0x000002acb7d16000 Uncommon trap: reason=unstable_if action=reinterpret pc=0x000002acc7d6ac5c method=jdk.internal.loader.URLClassPath$FileLoader.getResource(Ljava/lang/String;Z)Ljdk/internal/loader/Resource; @ 139 c2

Classes redefined (8 events):
Event: 215.144 Thread 0x000002acdc7fa800 redefined class name=btcTestSuite.SignInWallet, count=1
Event: 1367.216 Thread 0x000002acdc7fa800 redefined class name=btcTestSuite.SignInWallet, count=2
Event: 1652.185 Thread 0x000002acdc7fa800 redefined class name=btcTestSuite.SignInWallet, count=3
Event: 1887.057 Thread 0x000002acdc7fa800 redefined class name=btcTestSuite.SignInWallet, count=4
Event: 1990.325 Thread 0x000002acdc7fa800 redefined class name=btcTestSuite.SignInWallet, count=5
Event: 2013.928 Thread 0x000002acdc7fa800 redefined class name=btcTestSuite.SignInWallet, count=6
Event: 2232.058 Thread 0x000002acdc7fa800 redefined class name=btcTestSuite.SignInWallet, count=7
Event: 2241.209 Thread 0x000002acdc7fa800 redefined class name=btcTestSuite.SignInWallet, count=8

Internal exceptions (10 events):
Event: 16.917 Thread 0x000002acb7d16000 Exception <a 'java/net/SocketTimeoutException'{0x00000006d1303798}: Read timed out> (0x00000006d1303798) thrown at [t:/workspace/hotspot/src/share/vm/prims/jni.cpp, line 625]
Event: 16.928 Thread 0x000002acb7d16000 Exception <a 'java/net/SocketTimeoutException'{0x00000006d130e920}: Read timed out> (0x00000006d130e920) thrown at [t:/workspace/hotspot/src/share/vm/prims/jni.cpp, line 625]
Event: 16.939 Thread 0x000002acb7d16000 Exception <a 'java/net/SocketTimeoutException'{0x00000006d131abb8}: Read timed out> (0x00000006d131abb8) thrown at [t:/workspace/hotspot/src/share/vm/prims/jni.cpp, line 625]
Event: 16.961 Thread 0x000002acb7d16000 Exception <a 'java/net/SocketTimeoutException'{0x00000006d1328198}: Read timed out> (0x00000006d1328198) thrown at [t:/workspace/hotspot/src/share/vm/prims/jni.cpp, line 625]
Event: 17.040 Thread 0x000002acb7d16000 Exception <a 'java/net/SocketTimeoutException'{0x00000006d1333c80}: Read timed out> (0x00000006d1333c80) thrown at [t:/workspace/hotspot/src/share/vm/prims/jni.cpp, line 625]
Event: 17.051 Thread 0x000002acb7d16000 Exception <a 'java/net/SocketTimeoutException'{0x00000006d133ee40}: Read timed out> (0x00000006d133ee40) thrown at [t:/workspace/hotspot/src/share/vm/prims/jni.cpp, line 625]
Event: 17.065 Thread 0x000002acb7d16000 Exception <a 'java/net/SocketTimeoutException'{0x00000006d134b108}: Read timed out> (0x00000006d134b108) thrown at [t:/workspace/hotspot/src/share/vm/prims/jni.cpp, line 625]
Event: 17.082 Thread 0x000002acb7d16000 Exception <a 'java/net/SocketTimeoutException'{0x00000006d13586e8}: Read timed out> (0x00000006d13586e8) thrown at [t:/workspace/hotspot/src/share/vm/prims/jni.cpp, line 625]
Event: 17.155 Thread 0x000002acb7d16000 Exception <a 'java/net/SocketTimeoutException'{0x00000006d13641d0}: Read timed out> (0x00000006d13641d0) thrown at [t:/workspace/hotspot/src/share/vm/prims/jni.cpp, line 625]
Event: 17.169 Thread 0x000002acb7d16000 Exception <a 'java/net/SocketTimeoutException'{0x00000006d136f358}: Read timed out> (0x00000006d136f358) thrown at [t:/workspace/hotspot/src/share/vm/prims/jni.cpp, line 625]

Events (10 events):
Event: 2241.369 Executing VM operation: GetOrSetLocal done
Event: 2241.369 Executing VM operation: GetFrameLocation
Event: 2241.369 Executing VM operation: GetFrameLocation done
Event: 2241.369 Executing VM operation: GetOrSetLocal
Event: 2241.369 Executing VM operation: GetOrSetLocal done
Event: 2247.721 Executing VM operation: ChangeBreakpoints
Event: 2247.722 Executing VM operation: ChangeBreakpoints done
Event: 2251.492 Executing VM operation: GetFrameLocation
Event: 2251.492 Executing VM operation: GetFrameLocation done
Event: 2251.492 Executing VM operation: GetOrSetLocal


Dynamic libraries:
0x00007ff658dc0000 - 0x00007ff658dfe000 	C:\Program Files\Java\jre-9.0.4\bin\javaw.exe
0x00007ffd06990000 - 0x00007ffd06b70000 	C:\Windows\SYSTEM32\ntdll.dll
0x00007ffd04fd0000 - 0x00007ffd0507e000 	C:\Windows\System32\KERNEL32.DLL
0x00007ffd03660000 - 0x00007ffd038c6000 	C:\Windows\System32\KERNELBASE.dll
0x00007ffd04c10000 - 0x00007ffd04cb1000 	C:\Windows\System32\ADVAPI32.dll
0x00007ffd068c0000 - 0x00007ffd0695d000 	C:\Windows\System32\msvcrt.dll
0x00007ffd04130000 - 0x00007ffd0418b000 	C:\Windows\System32\sechost.dll
0x00007ffd03ec0000 - 0x00007ffd03fdf000 	C:\Windows\System32\RPCRT4.dll
0x00007ffd042c0000 - 0x00007ffd0444f000 	C:\Windows\System32\USER32.dll
0x00007ffd02e90000 - 0x00007ffd02eb0000 	C:\Windows\System32\win32u.dll
0x00007ffd05160000 - 0x00007ffd05188000 	C:\Windows\System32\GDI32.dll
0x00007ffd03c20000 - 0x00007ffd03db3000 	C:\Windows\System32\gdi32full.dll
0x00007ffd03dc0000 - 0x00007ffd03e5b000 	C:\Windows\System32\msvcp_win.dll
0x00007ffd03b20000 - 0x00007ffd03c16000 	C:\Windows\System32\ucrtbase.dll
0x00007ffcf6ce0000 - 0x00007ffcf6cea000 	C:\Windows\SYSTEM32\VERSION.dll
0x00007ffceb8b0000 - 0x00007ffcebb19000 	C:\Windows\WinSxS\amd64_microsoft.windows.common-controls_6595b64144ccf1df_6.0.16299.309_none_15cfd4c4935e6b11\COMCTL32.dll
0x00007ffd044b0000 - 0x00007ffd047b8000 	C:\Windows\System32\combase.dll
0x00007ffd03aa0000 - 0x00007ffd03b12000 	C:\Windows\System32\bcryptPrimitives.dll
0x00007ffd067d0000 - 0x00007ffd067fd000 	C:\Windows\System32\IMM32.DLL
0x00007ffcda9c0000 - 0x00007ffcdaaaf000 	C:\Program Files\Java\jre-9.0.4\bin\msvcr120.dll
0x00007ffce73a0000 - 0x00007ffce7446000 	C:\Program Files\Java\jre-9.0.4\bin\msvcp120.dll
0x0000000050200000 - 0x0000000050c25000 	C:\Program Files\Java\jre-9.0.4\bin\server\jvm.dll
0x00007ffd06800000 - 0x00007ffd06808000 	C:\Windows\System32\PSAPI.DLL
0x00007ffcf8110000 - 0x00007ffcf8133000 	C:\Windows\SYSTEM32\WINMM.dll
0x00007ffcf5670000 - 0x00007ffcf5679000 	C:\Windows\SYSTEM32\WSOCK32.dll
0x00007ffd06690000 - 0x00007ffd066fc000 	C:\Windows\System32\WS2_32.dll
0x00007ffcf7f40000 - 0x00007ffcf7f6a000 	C:\Windows\SYSTEM32\WINMMBASE.dll
0x00007ffd02e40000 - 0x00007ffd02e8a000 	C:\Windows\System32\cfgmgr32.dll
0x00007ffcfe2f0000 - 0x00007ffcfe2ff000 	C:\Program Files\Java\jre-9.0.4\bin\verify.dll
0x00007ffcf2f50000 - 0x00007ffcf2f77000 	C:\Program Files\Java\jre-9.0.4\bin\java.dll
0x00007ffce8040000 - 0x00007ffce8076000 	C:\Program Files\Java\jre-9.0.4\bin\jdwp.dll
0x00007ffcf3490000 - 0x00007ffcf34a6000 	C:\Program Files\Java\jre-9.0.4\bin\zip.dll
0x00007ffcfe2e0000 - 0x00007ffcfe2ea000 	C:\Program Files\Java\jre-9.0.4\bin\jimage.dll
0x00007ffd051a0000 - 0x00007ffd065d6000 	C:\Windows\System32\SHELL32.dll
0x00007ffd065e0000 - 0x00007ffd06686000 	C:\Windows\System32\shcore.dll
0x00007ffd02f10000 - 0x00007ffd03657000 	C:\Windows\System32\windows.storage.dll
0x00007ffd04450000 - 0x00007ffd044a1000 	C:\Windows\System32\shlwapi.dll
0x00007ffd02d70000 - 0x00007ffd02d81000 	C:\Windows\System32\kernel.appcore.dll
0x00007ffd02d20000 - 0x00007ffd02d6c000 	C:\Windows\System32\powrprof.dll
0x00007ffd02ce0000 - 0x00007ffd02cfb000 	C:\Windows\System32\profapi.dll
0x00007ffceb0c0000 - 0x00007ffceb0da000 	C:\Program Files\Java\jre-9.0.4\bin\net.dll
0x00007ffcfecf0000 - 0x00007ffcfedce000 	C:\Windows\SYSTEM32\WINHTTP.dll
0x00007ffd02570000 - 0x00007ffd025d6000 	C:\Windows\system32\mswsock.dll
0x00007ffceb0a0000 - 0x00007ffceb0b1000 	C:\Program Files\Java\jre-9.0.4\bin\nio.dll
0x00007ffcfd240000 - 0x00007ffcfd24a000 	C:\Program Files\Java\jre-9.0.4\bin\dt_socket.dll
0x00007ffd02340000 - 0x00007ffd023f6000 	C:\Windows\SYSTEM32\DNSAPI.dll
0x00007ffd05190000 - 0x00007ffd05198000 	C:\Windows\System32\NSI.dll
0x00007ffd02300000 - 0x00007ffd02339000 	C:\Windows\SYSTEM32\IPHLPAPI.DLL
0x00007ffcfb380000 - 0x00007ffcfb3f0000 	C:\Windows\System32\fwpuclnt.dll
0x00007ffd02840000 - 0x00007ffd02865000 	C:\Windows\SYSTEM32\bcrypt.dll
0x00007ffcfad70000 - 0x00007ffcfad7a000 	C:\Windows\System32\rasadhlp.dll
0x00007ffd02730000 - 0x00007ffd02747000 	C:\Windows\SYSTEM32\CRYPTSP.dll
0x00007ffd02170000 - 0x00007ffd021a3000 	C:\Windows\system32\rsaenh.dll
0x00007ffd02c10000 - 0x00007ffd02c39000 	C:\Windows\SYSTEM32\USERENV.dll
0x00007ffd02750000 - 0x00007ffd0275b000 	C:\Windows\SYSTEM32\CRYPTBASE.dll
0x00007ffcfc6a0000 - 0x00007ffcfc6b6000 	C:\Windows\SYSTEM32\dhcpcsvc6.DLL
0x00007ffcfcb70000 - 0x00007ffcfcb8a000 	C:\Windows\SYSTEM32\dhcpcsvc.DLL
0x00007ffcfea40000 - 0x00007ffcfea56000 	C:\Windows\system32\napinsp.dll
0x00007ffcfe970000 - 0x00007ffcfe98a000 	C:\Windows\system32\pnrpnsp.dll
0x00007ffcfe840000 - 0x00007ffcfe858000 	C:\Windows\system32\NLAapi.dll
0x00007ffcfe960000 - 0x00007ffcfe96e000 	C:\Windows\System32\winrnr.dll
0x00007ffcebe30000 - 0x00007ffcebe45000 	C:\Windows\System32\wshbth.dll
0x00007ffce21e0000 - 0x00007ffce2203000 	C:\Program Files\Java\jre-9.0.4\bin\sunec.dll
0x00007ffcfdee0000 - 0x00007ffcfe0a8000 	C:\Windows\SYSTEM32\dbghelp.dll

VM Arguments:
jvm_args: -agentlib:jdwp=transport=dt_socket,suspend=y,address=localhost:60742 -ea -Dfile.encoding=Cp1252 
java_command: org.testng.remote.RemoteTestNG -serport 60741 -protocol json -d C:\Users\sohaibcool\eclipse-workspace\BTCcom\test-output C:\Users\SOHAIB~1\AppData\Local\Temp\testng-eclipse--1690606255\testng-customsuite.xml
java_class_path (initial): D:\Software\eclipse-jee-oxygen-2-win32-x86_64\eclipse\configuration\org.eclipse.osgi\1018\0\.cp\lib\testng-remote.jar;C:\Users\sohaibcool\eclipse-workspace\BTCcom\target\test-classes;C:\Users\sohaibcool\eclipse-workspace\BTCcom\target\classes;C:\Users\sohaibcool\.m2\repository\org\seleniumhq\selenium\selenium-java\3.7.1\selenium-java-3.7.1.jar;C:\Users\sohaibcool\.m2\repository\org\seleniumhq\selenium\selenium-api\3.7.1\selenium-api-3.7.1.jar;C:\Users\sohaibcool\.m2\repository\org\seleniumhq\selenium\selenium-chrome-driver\3.7.1\selenium-chrome-driver-3.7.1.jar;C:\Users\sohaibcool\.m2\repository\org\seleniumhq\selenium\selenium-edge-driver\3.7.1\selenium-edge-driver-3.7.1.jar;C:\Users\sohaibcool\.m2\repository\org\seleniumhq\selenium\selenium-firefox-driver\3.7.1\selenium-firefox-driver-3.7.1.jar;C:\Users\sohaibcool\.m2\repository\org\seleniumhq\selenium\selenium-ie-driver\3.7.1\selenium-ie-driver-3.7.1.jar;C:\Users\sohaibcool\.m2\repository\org\seleniumhq\selenium\selenium-opera-driver\3.7.1\selenium-opera-driver-3.7.1.jar;C:\Users\sohaibcool\.m2\repository\org\seleniumhq\selenium\selenium-remote-driver\3.7.1\selenium-remote-driver-3.7.1.jar;C:\Users\sohaibcool\.m2\repository\org\seleniumhq\selenium\selenium-safari-driver\3.7.1\selenium-safari-driver-3.7.1.jar;C:\Users\sohaibcool\.m2\repository\org\seleniumhq\selenium\selenium-support\3.7.1\selenium-support-3.7.1.jar;C:\Users\sohaibcool\.m2\repository\net\bytebuddy\byte-buddy\1.7.5\byte-buddy-1.7.5.jar;C:\Users\sohaibcool\.m2\repository\org\apache\commons\commons-exec\1.3\commons-exec-1.3.jar;C:\Users\sohaibcool\.m2\repository\commons-codec\commons-codec\1.10\commons-codec-1.10.jar;C:\Users\sohaibcool\.m2\repository\commons-logging\commons-logging\1.2\commons-logging-1.2.jar;C:\Users\sohaibcool\.m2\repository\com\google\code\gson\gson\2.8.2\gson-2.8.2.jar;C:\Users\sohaibcool\.m2\repository\com\google\guava\guava\23.0\guava-23.0.jar;C:\Users\sohaibcool\.m2\repository\com\google\code\find
Launcher Type: SUN_STANDARD

Logging:
Log output configuration:
#0: stdout all=warning uptime,level,tags
#1: stderr all=off uptime,level,tags

Environment Variables:
PATH=C:\ProgramData\Oracle\Java\javapath;C:\Program Files (x86)\Intel\iCLS Client\;C:\Program Files\Intel\iCLS Client\;C:\Windows\system32;C:\Windows;C:\Windows\System32\Wbem;C:\Windows\System32\WindowsPowerShell\v1.0\;C:\Program Files (x86)\Intel\Intel(R) Management Engine Components\DAL;C:\Program Files\Intel\Intel(R) Management Engine Components\DAL;C:\Program Files (x86)\Intel\Intel(R) Management Engine Components\IPT;C:\Program Files\Intel\Intel(R) Management Engine Components\IPT;C:\Program Files\Intel\WiFi\bin\;C:\Program Files\Common Files\Intel\WirelessCommon\;C:\Program Files (x86)\Java\jre1.8.0_161\bin;C:\Program Files\Java\jdk-9.0.4;C:\Program Files\Git\cmd;C:\Program Files\node;C:\Program Files\nodejs\;C:\Users\sohaibcool\AppData\Local\Microsoft\WindowsApps;C:\Users\sohaibcool\AppData\Roaming\npm
USERNAME=sohaibcool
OS=Windows_NT
PROCESSOR_IDENTIFIER=Intel64 Family 6 Model 158 Stepping 9, GenuineIntel



---------------  S Y S T E M  ---------------

OS: Windows 10 , 64 bit Build 16299 (10.0.16299.15)

CPU:total 8 (initial active 8) (4 cores per cpu, 2 threads per core) family 6 model 158 stepping 9, cmov, cx8, fxsr, mmx, sse, sse2, sse3, ssse3, sse4.1, sse4.2, popcnt, avx, avx2, aes, clmul, erms, 3dnowpref, lzcnt, ht, tsc, tscinvbit, bmi1, bmi2, adx, fma

Memory: 4k page, physical 16652592k(5121500k free), swap 30996796k(5637100k free)

vm_info: Java HotSpot(TM) 64-Bit Server VM (9.0.4+11) for windows-amd64 JRE (9.0.4+11), built on Dec 20 2017 02:18:54 by "mach5one" with MS VC++ 12.0 (VS2013)

END.
